#
# A fatal error has been detected by the Java Runtime Environment:
#
#  SIGSEGV (0xb) at pc=0x00000001101e757f, pid=77595, tid=36867
#
# JRE version: Java(TM) SE Runtime Environment (15.0.1+9) (build 15.0.1+9-18)
# Java VM: Java HotSpot(TM) 64-Bit Server VM (15.0.1+9-18, mixed mode, sharing, tiered, compressed oops, g1 gc, bsd-amd64)
# Problematic frame:
# C  [libbulletjme.dylib+0x15657f]  Java_com_jme3_bullet_objects_PhysicsRigidBody_createRigidBody+0x1f
#
# No core dump will be written. Core dumps have been disabled. To enable core dumping, try "ulimit -c unlimited" before starting Java again
#
# If you would like to submit a bug report, please visit:
#   https://bugreport.java.com/bugreport/crash.jsp
# The crash happened outside the Java Virtual Machine in native code.
# See problematic frame for where to report the bug.
#

---------------  S U M M A R Y ------------

Command Line: -javaagent:/Applications/IntelliJ IDEA.app/Contents/lib/idea_rt.jar=65078:/Applications/IntelliJ IDEA.app/Contents/bin -Dfile.encoding=UTF-8 graphics.jmeplanet.PlanetPhysicsTest

Host: MacBookPro15,1 x86_64 2200 MHz, 12 cores, 16G, Darwin 20.3.0
Time: Sat Mar 20 00:51:55 2021 MSK elapsed time: 1.347324 seconds (0d 0h 0m 1s)

---------------  T H R E A D  ---------------

Current thread (0x00007fb72e8a3000):  JavaThread "jME3 Main" [_thread_in_native, id=36867, stack(0x00007000045b5000,0x00007000046b5000)]

Stack: [0x00007000045b5000,0x00007000046b5000],  sp=0x00007000046b46f0,  free space=1021k
Native frames: (J=compiled Java code, A=aot compiled Java code, j=interpreted, Vv=VM code, C=native code)
C  [libbulletjme.dylib+0x15657f]  Java_com_jme3_bullet_objects_PhysicsRigidBody_createRigidBody+0x1f
j  com.jme3.bullet.objects.PhysicsRigidBody.createRigidBody(FJJ)J+0
j  com.jme3.bullet.objects.PhysicsRigidBody.rebuildRigidBody()V+117
j  com.jme3.bullet.objects.PhysicsRigidBody.<init>(Lcom/jme3/bullet/collision/shapes/CollisionShape;F)V+48
j  com.jme3.bullet.control.RigidBodyControl.<init>(Lcom/jme3/bullet/collision/shapes/CollisionShape;F)V+3
j  graphics.jmeplanet.PlanetPhysicsTest.simpleInitApp()V+361
j  com.jme3.app.SimpleApplication.initialize()V+282
j  com.jme3.system.lwjgl.LwjglAbstractDisplay.initInThread()Z+97
j  com.jme3.system.lwjgl.LwjglAbstractDisplay.run()V+36
j  java.lang.Thread.run()V+11 java.base@15.0.1
v  ~StubRoutines::call_stub
V  [libjvm.dylib+0x4ad312]  _ZN9JavaCalls11call_helperEP9JavaValueRK12methodHandleP17JavaCallArgumentsP6Thread+0x2e2
V  [libjvm.dylib+0x4ac1f9]  _ZN9JavaCalls12call_virtualEP9JavaValueP5KlassP6SymbolS5_P17JavaCallArgumentsP6Thread+0x1e9
V  [libjvm.dylib+0x4ac2c3]  _ZN9JavaCalls12call_virtualEP9JavaValue6HandleP5KlassP6SymbolS6_P6Thread+0x63
V  [libjvm.dylib+0x556fd0]  _ZL12thread_entryP10JavaThreadP6Thread+0xb0
V  [libjvm.dylib+0x99851f]  _ZN10JavaThread17thread_main_innerEv+0xaf
V  [libjvm.dylib+0x995711]  _ZN6Thread8call_runEv+0x71
V  [libjvm.dylib+0x827c47]  _ZL19thread_native_entryP6Thread+0x197
C  [libsystem_pthread.dylib+0x6950]  _pthread_start+0xe0
C  [libsystem_pthread.dylib+0x247b]  thread_start+0xf

Java frames: (J=compiled Java code, j=interpreted, Vv=VM code)
j  com.jme3.bullet.objects.PhysicsRigidBody.createRigidBody(FJJ)J+0
j  com.jme3.bullet.objects.PhysicsRigidBody.rebuildRigidBody()V+117
j  com.jme3.bullet.objects.PhysicsRigidBody.<init>(Lcom/jme3/bullet/collision/shapes/CollisionShape;F)V+48
j  com.jme3.bullet.control.RigidBodyControl.<init>(Lcom/jme3/bullet/collision/shapes/CollisionShape;F)V+3
j  graphics.jmeplanet.PlanetPhysicsTest.simpleInitApp()V+361
j  com.jme3.app.SimpleApplication.initialize()V+282
j  com.jme3.system.lwjgl.LwjglAbstractDisplay.initInThread()Z+97
j  com.jme3.system.lwjgl.LwjglAbstractDisplay.run()V+36
j  java.lang.Thread.run()V+11 java.base@15.0.1
v  ~StubRoutines::call_stub

siginfo: si_signo: 11 (SIGSEGV), si_code: 1 (SEGV_MAPERR), si_addr: 0x0000000000000000

Register to memory mapping:

RAX=0x00000001101e7560: Java_com_jme3_bullet_objects_PhysicsRigidBody_createRigidBody+0 in /Users/azatakhunov/temp/exam/libbulletjme.dylib at 0x0000000110091000
RBX={method} {0x00000001380796c0} 'createRigidBody' '(FJJ)J' in 'com/jme3/bullet/objects/PhysicsRigidBody'
RCX=0x0 is NULL
RDX=0x00007fb72e4c7330 points into unknown readable memory: 0x000000011023ea58 | 58 ea 23 10 01 00 00 00
RSP=0x00007000046b46f0 is pointing into the stack for thread: 0x00007fb72e8a3000
RBP=0x00007000046b4730 is pointing into the stack for thread: 0x00007fb72e8a3000
RSI=0x00007000046b4808 is pointing into the stack for thread: 0x00007fb72e8a3000
RDI=0x00007fb72e8a3328 points into unknown readable memory: 0x000000010df18e70 | 70 8e f1 0d 01 00 00 00
R8 =0x0 is NULL
R9 =0x00007fb72e8a3000 is a thread
R10=0x000000011e9123c1 is at code_begin+897 in an Interpreter codelet
method entry point (kind = native)  [0x000000011e912040, 0x000000011e9129a0]  2400 bytes
R11=0x0000000000000102 is an unknown value
R12=0x0 is NULL
R13={method} {0x00000001380796c0} 'createRigidBody' '(FJJ)J' in 'com/jme3/bullet/objects/PhysicsRigidBody'
R14=0x0 is NULL
R15=0x00007fb72e4c7330 points into unknown readable memory: 0x000000011023ea58 | 58 ea 23 10 01 00 00 00


Registers:
RAX=0x00000001101e7560, RBX=0x00000001380796c0, RCX=0x0000000000000000, RDX=0x00007fb72e4c7330
RSP=0x00007000046b46f0, RBP=0x00007000046b4730, RSI=0x00007000046b4808, RDI=0x00007fb72e8a3328
R8 =0x0000000000000000, R9 =0x00007fb72e8a3000, R10=0x000000011e9123c1, R11=0x0000000000000102
R12=0x0000000000000000, R13=0x00000001380796c0, R14=0x0000000000000000, R15=0x00007fb72e4c7330
RIP=0x00000001101e757f, EFLAGS=0x0000000000010202, ERR=0x0000000000000004
  TRAPNO=0x000000000000000e

Top of Stack: (sp=0x00007000046b46f0)
0x00007000046b46f0:   00007000046b4760 000000011e90c900
0x00007000046b4700:   000000070f2d0ad8 000000001e90c900
0x00007000046b4710:   00000001380796c0 0000000000000000
0x00007000046b4720:   00007000046b4808 00007fb72e8a3000
0x00007000046b4730:   00007000046b47c0 000000011e9123f0
0x00007000046b4740:   00000007bfd28a40 000000080030e7e8
0x00007000046b4750:   0000000000000000 00007000046b4778
0x00007000046b4760:   00007000046b47d0 000000011e90c690
0x00007000046b4770:   0000000000000320 00007000046b4778
0x00007000046b4780:   0000000000000000 00007000046b4808
0x00007000046b4790:   0000000138093138 0000000000000000
0x00007000046b47a0:   000000070e8869b0 00000001380796c0
0x00007000046b47b0:   0000000000000000 00007000046b47e0
0x00007000046b47c0:   00007000046b4860 000000011e90c9d0
0x00007000046b47d0:   0000000000000000 000000011e90f5d7
0x00007000046b47e0:   0000000000000000 0000000000000000
0x00007000046b47f0:   00007fb72e4c7330 0000000000000000
0x00007000046b4800:   0000700000000000 000000070f2cb2b0
0x00007000046b4810:   000000070f2cb2b0 00007000046b4818
0x00007000046b4820:   000000013807950d 00007000046b4878
0x00007000046b4830:   0000000138093138 0000000000000000
0x00007000046b4840:   000000070e8869b0 0000000138079570
0x00007000046b4850:   00007000046b47e0 00007000046b4878
0x00007000046b4860:   00007000046b48c8 000000011e90ceea
0x00007000046b4870:   0000000000000000 000000070f2cb2b0
0x00007000046b4880:   00007000046b4880 00000001380793c8
0x00007000046b4890:   00007000046b48e8 0000000138093138
0x00007000046b48a0:   0000000000000000 000000070e8869b0
0x00007000046b48b0:   0000000138079408 00007000046b4878
0x00007000046b48c0:   00007000046b48d8 00007000046b4938
0x00007000046b48d0:   000000011e90ceea 0000700000000000
0x00007000046b48e0:   000000070f2cb308 000000070f2cb2b0 

Instructions: (pc=0x00000001101e757f)
0x00000001101e747f:   c7 83 d0 03 00 00 00 00 00 00 c6 83 d8 03 00 00
0x00000001101e748f:   01 48 c7 83 d0 03 00 00 00 00 00 00 48 c7 83 c4
0x00000001101e749f:   03 00 00 00 00 00 00 48 8b bb 68 03 00 00 48 85
0x00000001101e74af:   ff 74 19 80 bb 70 03 00 00 00 74 05 e8 50 9d f6
0x00000001101e74bf:   ff 48 c7 83 68 03 00 00 00 00 00 00 c6 83 70 03
0x00000001101e74cf:   00 00 01 48 c7 83 68 03 00 00 00 00 00 00 48 c7
0x00000001101e74df:   83 5c 03 00 00 00 00 00 00 48 89 df 5b 41 5e 5d
0x00000001101e74ef:   e9 6c 63 fa ff 49 89 c6 eb 45 49 89 c6 48 8b bb
0x00000001101e74ff:   68 03 00 00 48 85 ff 74 19 80 bb 70 03 00 00 00
0x00000001101e750f:   74 05 e8 fa 9c f6 ff 48 c7 83 68 03 00 00 00 00
0x00000001101e751f:   00 00 c6 83 70 03 00 00 01 48 c7 83 68 03 00 00
0x00000001101e752f:   00 00 00 00 48 c7 83 5c 03 00 00 00 00 00 00 48
0x00000001101e753f:   89 df e8 1a 63 fa ff 4c 89 f7 e8 d4 b8 03 00 0f
0x00000001101e754f:   0b 48 89 c7 e8 08 2e eb ff 0f 1f 84 00 00 00 00
0x00000001101e755f:   00 55 48 89 e5 41 57 41 56 41 54 53 48 83 ec 20
0x00000001101e756f:   49 89 ce 49 89 d7 f3 0f 11 45 dc e8 f1 a1 ff ff
0x00000001101e757f:   49 8b 06 4c 8d 65 c0 4c 89 f7 f3 0f 10 45 dc 4c
0x00000001101e758f:   89 e6 ff 50 40 bf 10 03 00 00 be 10 00 00 00 e8
0x00000001101e759f:   5d 9c f6 ff 48 89 c3 48 89 c7 f3 0f 10 45 dc 4c
0x00000001101e75af:   89 fe 4c 89 f2 4c 89 e1 e8 b4 26 f9 ff 48 c7 83
0x00000001101e75bf:   20 01 00 00 00 00 00 00 48 89 d8 48 83 c4 20 5b
0x00000001101e75cf:   41 5c 41 5e 41 5f 5d c3 49 89 c6 48 89 df e8 2e
0x00000001101e75df:   9c f6 ff 4c 89 f7 e8 38 b8 03 00 0f 0b 48 89 c7
0x00000001101e75ef:   e8 6c 2d eb ff 66 2e 0f 1f 84 00 00 00 00 00 66
0x00000001101e75ff:   90 48 85 d2 74 0f 48 83 ba c8 00 00 00 00 0f 95
0x00000001101e760f:   c0 0f b6 c0 c3 55 48 89 e5 53 50 48 89 fb 48 8b
0x00000001101e761f:   07 48 8d 35 a1 14 04 00 ff 50 30 48 8b 0b 48 8d
0x00000001101e762f:   15 b3 14 04 00 48 89 df 48 89 c6 ff 51 70 31 c0
0x00000001101e763f:   48 83 c4 08 5b 5d 0f b6 c0 c3 0f 1f 80 00 00 00
0x00000001101e764f:   00 55 48 89 e5 41 56 53 49 89 fe 48 85 d2 74 2c
0x00000001101e765f:   48 89 d3 48 8b ba 68 02 00 00 4c 89 f6 48 89 ca
0x00000001101e766f:   e8 5c a2 fd ff 48 8b b3 68 02 00 00 48 83 c6 20 


Stack slot to memory mapping:
stack at sp + 0 slots: 0x00007000046b4760 is pointing into the stack for thread: 0x00007fb72e8a3000
stack at sp + 1 slots: 0x000000011e90c900 is at code_begin+832 in an Interpreter codelet
invoke return entry points  [0x000000011e90c5c0, 0x000000011e90cfc0]  2560 bytes
stack at sp + 2 slots: 0x000000070f2d0ad8 is an oop: java.lang.String 
{0x000000070f2d0ad8} - klass: 'java/lang/String'
stack at sp + 3 slots: 0x000000001e90c900 is an unknown value
stack at sp + 4 slots: {method} {0x00000001380796c0} 'createRigidBody' '(FJJ)J' in 'com/jme3/bullet/objects/PhysicsRigidBody'
stack at sp + 5 slots: 0x0 is NULL
stack at sp + 6 slots: 0x00007000046b4808 is pointing into the stack for thread: 0x00007fb72e8a3000
stack at sp + 7 slots: 0x00007fb72e8a3000 is a thread


---------------  P R O C E S S  ---------------

Threads class SMR info:
_java_thread_list=0x00007fb7302c7420, length=17, elements={
0x00007fb7310d0400, 0x00007fb7310d2c00, 0x00007fb734009200, 0x00007fb7310da400,
0x00007fb7310d8400, 0x00007fb7310d8a00, 0x00007fb733808200, 0x00007fb72f80ce00,
0x00007fb72e80ee00, 0x00007fb72e80f400, 0x00007fb72e8a3000, 0x00007fb72e8ace00,
0x00007fb72e89ec00, 0x00007fb73431fe00, 0x00007fb72f139600, 0x00007fb72f145e00,
0x00007fb72f13b400
}

Java Threads: ( => current thread )
  0x00007fb7310d0400 JavaThread "Reference Handler" daemon [_thread_blocked, id=17155, stack(0x000070000388b000,0x000070000398b000)]
  0x00007fb7310d2c00 JavaThread "Finalizer" daemon [_thread_blocked, id=14595, stack(0x000070000398e000,0x0000700003a8e000)]
  0x00007fb734009200 JavaThread "Signal Dispatcher" daemon [_thread_blocked, id=22787, stack(0x0000700003b97000,0x0000700003c97000)]
  0x00007fb7310da400 JavaThread "Service Thread" daemon [_thread_blocked, id=23299, stack(0x0000700003c9a000,0x0000700003d9a000)]
  0x00007fb7310d8400 JavaThread "C2 CompilerThread0" daemon [_thread_blocked, id=41475, stack(0x0000700003d9d000,0x0000700003e9d000)]
  0x00007fb7310d8a00 JavaThread "C1 CompilerThread0" daemon [_thread_blocked, id=40451, stack(0x0000700003ea0000,0x0000700003fa0000)]
  0x00007fb733808200 JavaThread "Sweeper thread" daemon [_thread_blocked, id=39939, stack(0x0000700003fa3000,0x00007000040a3000)]
  0x00007fb72f80ce00 JavaThread "Common-Cleaner" daemon [_thread_blocked, id=39171, stack(0x00007000040a6000,0x00007000041a6000)]
  0x00007fb72e80ee00 JavaThread "Monitor Ctrl-Break" daemon [_thread_in_native, id=38659, stack(0x00007000041a9000,0x00007000042a9000)]
  0x00007fb72e80f400 JavaThread "Notification Thread" daemon [_thread_blocked, id=37635, stack(0x00007000042ac000,0x00007000043ac000)]
=>0x00007fb72e8a3000 JavaThread "jME3 Main" [_thread_in_native, id=36867, stack(0x00007000045b5000,0x00007000046b5000)]
  0x00007fb72e8ace00 JavaThread "DestroyJavaVM" [_thread_blocked, id=9475, stack(0x0000700003176000,0x0000700003276000)]
  0x00007fb72e89ec00 JavaThread "AppKit Thread" daemon [_thread_in_native, id=775, stack(0x00007ffee20e6000,0x00007ffee28e6000)]
  0x00007fb73431fe00 JavaThread "AWT-Shutdown" [_thread_blocked, id=84739, stack(0x00007000046b8000,0x00007000047b8000)]
  0x00007fb72f139600 JavaThread "jME3 Audio Decoder" daemon [_thread_blocked, id=119043, stack(0x0000700004acd000,0x0000700004bcd000)]
  0x00007fb72f145e00 JavaThread "Java2D Disposer" daemon [_thread_blocked, id=101123, stack(0x0000700004cd3000,0x0000700004dd3000)]
  0x00007fb72f13b400 JavaThread "Attach Listener" daemon [_thread_blocked, id=116995, stack(0x0000700004dd6000,0x0000700004ed6000)]

Other Threads:
  0x00007fb72e40f7b0 VMThread "VM Thread" [stack: 0x0000700003788000,0x0000700003888000] [id=13827]
  0x00007fb7302203c0 WatcherThread [stack: 0x00007000043af000,0x00007000044af000] [id=25347]
  0x00007fb730211950 GCTaskThread "GC Thread#0" [stack: 0x0000700003279000,0x0000700003379000] [id=19715]
  0x00007fb737b19b40 GCTaskThread "GC Thread#1" [stack: 0x0000700004bd0000,0x0000700004cd0000] [id=118535]
  0x00007fb737b1a1d0 GCTaskThread "GC Thread#2" [stack: 0x0000700004ed9000,0x0000700004fd9000] [id=100615]
  0x00007fb737b1ac30 GCTaskThread "GC Thread#3" [stack: 0x0000700004fdc000,0x00007000050dc000] [id=101639]
  0x00007fb737b1b830 GCTaskThread "GC Thread#4" [stack: 0x00007000050df000,0x00007000051df000] [id=102147]
  0x00007fb737b1c460 GCTaskThread "GC Thread#5" [stack: 0x00007000051e2000,0x00007000052e2000] [id=116227]
  0x00007fb730212b30 ConcurrentGCThread "G1 Main Marker" [stack: 0x000070000337c000,0x000070000347c000] [id=12547]
  0x00007fb730213c40 ConcurrentGCThread "G1 Conc#0" [stack: 0x000070000347f000,0x000070000357f000] [id=18435]
  0x00007fb72e624bc0 ConcurrentGCThread "G1 Refine#0" [stack: 0x0000700003582000,0x0000700003682000] [id=13315]
  0x00007fb72e513e40 ConcurrentGCThread "G1 Young RemSet Sampling" [stack: 0x0000700003685000,0x0000700003785000] [id=17923]

Threads with active compile tasks:

VM state: not at safepoint (normal execution)

VM Mutex/Monitor currently owned by a thread: None

Heap address: 0x0000000700000000, size: 4096 MB, Compressed Oops mode: Zero based, Oop shift amount: 3
CDS archive(s) mapped at: [0x0000000800000000-0x0000000800b2c000-0x0000000800b2c000), size 11714560, SharedBaseAddress: 0x0000000800000000, ArchiveRelocationMode: 0.
Compressed class space mapped at: 0x0000000800b2c000-0x0000000840b2c000, size: 1073741824
Narrow klass base: 0x0000000800000000, Narrow klass shift: 3, Narrow klass range: 0x100000000

GC Precious Log:
 CPUs: 12 total, 12 available
 Memory: 16384M
 Large Page Support: Disabled
 NUMA Support: Disabled
 Compressed Oops: Enabled (Zero based)
 Heap Region Size: 2M
 Heap Min Capacity: 8M
 Heap Initial Capacity: 256M
 Heap Max Capacity: 4G
 Pre-touch: Disabled
 Parallel Workers: 10
 Concurrent Workers: 3
 Concurrent Refinement Workers: 10
 Periodic GC: Disabled

Heap:
 garbage-first heap   total 266240K, used 20271K [0x0000000700000000, 0x0000000800000000)
  region size 2048K, 9 young (18432K), 2 survivors (4096K)
 Metaspace       used 8922K, capacity 9103K, committed 9344K, reserved 1058816K
  class space    used 774K, capacity 822K, committed 896K, reserved 1048576K

Heap Regions: E=young(eden), S=young(survivor), O=old, HS=humongous(starts), HC=humongous(continues), CS=collection set, F=free, OA=open archive, CA=closed archive, TAMS=top-at-mark-start (previous, next)
|   0|0x0000000700000000, 0x0000000700001c00, 0x0000000700200000|  0%| O|  |TAMS 0x0000000700000000, 0x0000000700000000| Untracked 
|   1|0x0000000700200000, 0x0000000700400000, 0x0000000700400000|100%|HS|  |TAMS 0x0000000700200000, 0x0000000700200000| Complete 
|   2|0x0000000700400000, 0x0000000700600000, 0x0000000700600000|100%|HC|  |TAMS 0x0000000700400000, 0x0000000700400000| Complete 
|   3|0x0000000700600000, 0x0000000700600000, 0x0000000700800000|  0%| F|  |TAMS 0x0000000700600000, 0x0000000700600000| Untracked 
|   4|0x0000000700800000, 0x0000000700800000, 0x0000000700a00000|  0%| F|  |TAMS 0x0000000700800000, 0x0000000700800000| Untracked 
|   5|0x0000000700a00000, 0x0000000700a00000, 0x0000000700c00000|  0%| F|  |TAMS 0x0000000700a00000, 0x0000000700a00000| Untracked 
|   6|0x0000000700c00000, 0x0000000700c00000, 0x0000000700e00000|  0%| F|  |TAMS 0x0000000700c00000, 0x0000000700c00000| Untracked 
|   7|0x0000000700e00000, 0x0000000700e00000, 0x0000000701000000|  0%| F|  |TAMS 0x0000000700e00000, 0x0000000700e00000| Untracked 
|   8|0x0000000701000000, 0x0000000701000000, 0x0000000701200000|  0%| F|  |TAMS 0x0000000701000000, 0x0000000701000000| Untracked 
|   9|0x0000000701200000, 0x0000000701200000, 0x0000000701400000|  0%| F|  |TAMS 0x0000000701200000, 0x0000000701200000| Untracked 
|  10|0x0000000701400000, 0x0000000701400000, 0x0000000701600000|  0%| F|  |TAMS 0x0000000701400000, 0x0000000701400000| Untracked 
|  11|0x0000000701600000, 0x0000000701600000, 0x0000000701800000|  0%| F|  |TAMS 0x0000000701600000, 0x0000000701600000| Untracked 
|  12|0x0000000701800000, 0x0000000701800000, 0x0000000701a00000|  0%| F|  |TAMS 0x0000000701800000, 0x0000000701800000| Untracked 
|  13|0x0000000701a00000, 0x0000000701a00000, 0x0000000701c00000|  0%| F|  |TAMS 0x0000000701a00000, 0x0000000701a00000| Untracked 
|  14|0x0000000701c00000, 0x0000000701c00000, 0x0000000701e00000|  0%| F|  |TAMS 0x0000000701c00000, 0x0000000701c00000| Untracked 
|  15|0x0000000701e00000, 0x0000000701e00000, 0x0000000702000000|  0%| F|  |TAMS 0x0000000701e00000, 0x0000000701e00000| Untracked 
|  16|0x0000000702000000, 0x0000000702000000, 0x0000000702200000|  0%| F|  |TAMS 0x0000000702000000, 0x0000000702000000| Untracked 
|  17|0x0000000702200000, 0x0000000702200000, 0x0000000702400000|  0%| F|  |TAMS 0x0000000702200000, 0x0000000702200000| Untracked 
|  18|0x0000000702400000, 0x0000000702400000, 0x0000000702600000|  0%| F|  |TAMS 0x0000000702400000, 0x0000000702400000| Untracked 
|  19|0x0000000702600000, 0x0000000702600000, 0x0000000702800000|  0%| F|  |TAMS 0x0000000702600000, 0x0000000702600000| Untracked 
|  20|0x0000000702800000, 0x0000000702800000, 0x0000000702a00000|  0%| F|  |TAMS 0x0000000702800000, 0x0000000702800000| Untracked 
|  21|0x0000000702a00000, 0x0000000702a00000, 0x0000000702c00000|  0%| F|  |TAMS 0x0000000702a00000, 0x0000000702a00000| Untracked 
|  22|0x0000000702c00000, 0x0000000702c00000, 0x0000000702e00000|  0%| F|  |TAMS 0x0000000702c00000, 0x0000000702c00000| Untracked 
|  23|0x0000000702e00000, 0x0000000702e00000, 0x0000000703000000|  0%| F|  |TAMS 0x0000000702e00000, 0x0000000702e00000| Untracked 
|  24|0x0000000703000000, 0x0000000703000000, 0x0000000703200000|  0%| F|  |TAMS 0x0000000703000000, 0x0000000703000000| Untracked 
|  25|0x0000000703200000, 0x0000000703200000, 0x0000000703400000|  0%| F|  |TAMS 0x0000000703200000, 0x0000000703200000| Untracked 
|  26|0x0000000703400000, 0x0000000703400000, 0x0000000703600000|  0%| F|  |TAMS 0x0000000703400000, 0x0000000703400000| Untracked 
|  27|0x0000000703600000, 0x0000000703600000, 0x0000000703800000|  0%| F|  |TAMS 0x0000000703600000, 0x0000000703600000| Untracked 
|  28|0x0000000703800000, 0x0000000703800000, 0x0000000703a00000|  0%| F|  |TAMS 0x0000000703800000, 0x0000000703800000| Untracked 
|  29|0x0000000703a00000, 0x0000000703a00000, 0x0000000703c00000|  0%| F|  |TAMS 0x0000000703a00000, 0x0000000703a00000| Untracked 
|  30|0x0000000703c00000, 0x0000000703c00000, 0x0000000703e00000|  0%| F|  |TAMS 0x0000000703c00000, 0x0000000703c00000| Untracked 
|  31|0x0000000703e00000, 0x0000000703e00000, 0x0000000704000000|  0%| F|  |TAMS 0x0000000703e00000, 0x0000000703e00000| Untracked 
|  32|0x0000000704000000, 0x0000000704000000, 0x0000000704200000|  0%| F|  |TAMS 0x0000000704000000, 0x0000000704000000| Untracked 
|  33|0x0000000704200000, 0x0000000704200000, 0x0000000704400000|  0%| F|  |TAMS 0x0000000704200000, 0x0000000704200000| Untracked 
|  34|0x0000000704400000, 0x0000000704400000, 0x0000000704600000|  0%| F|  |TAMS 0x0000000704400000, 0x0000000704400000| Untracked 
|  35|0x0000000704600000, 0x0000000704600000, 0x0000000704800000|  0%| F|  |TAMS 0x0000000704600000, 0x0000000704600000| Untracked 
|  36|0x0000000704800000, 0x0000000704800000, 0x0000000704a00000|  0%| F|  |TAMS 0x0000000704800000, 0x0000000704800000| Untracked 
|  37|0x0000000704a00000, 0x0000000704a00000, 0x0000000704c00000|  0%| F|  |TAMS 0x0000000704a00000, 0x0000000704a00000| Untracked 
|  38|0x0000000704c00000, 0x0000000704c00000, 0x0000000704e00000|  0%| F|  |TAMS 0x0000000704c00000, 0x0000000704c00000| Untracked 
|  39|0x0000000704e00000, 0x0000000704e00000, 0x0000000705000000|  0%| F|  |TAMS 0x0000000704e00000, 0x0000000704e00000| Untracked 
|  40|0x0000000705000000, 0x0000000705000000, 0x0000000705200000|  0%| F|  |TAMS 0x0000000705000000, 0x0000000705000000| Untracked 
|  41|0x0000000705200000, 0x0000000705200000, 0x0000000705400000|  0%| F|  |TAMS 0x0000000705200000, 0x0000000705200000| Untracked 
|  42|0x0000000705400000, 0x0000000705400000, 0x0000000705600000|  0%| F|  |TAMS 0x0000000705400000, 0x0000000705400000| Untracked 
|  43|0x0000000705600000, 0x0000000705600000, 0x0000000705800000|  0%| F|  |TAMS 0x0000000705600000, 0x0000000705600000| Untracked 
|  44|0x0000000705800000, 0x0000000705800000, 0x0000000705a00000|  0%| F|  |TAMS 0x0000000705800000, 0x0000000705800000| Untracked 
|  45|0x0000000705a00000, 0x0000000705a00000, 0x0000000705c00000|  0%| F|  |TAMS 0x0000000705a00000, 0x0000000705a00000| Untracked 
|  46|0x0000000705c00000, 0x0000000705c00000, 0x0000000705e00000|  0%| F|  |TAMS 0x0000000705c00000, 0x0000000705c00000| Untracked 
|  47|0x0000000705e00000, 0x0000000705e00000, 0x0000000706000000|  0%| F|  |TAMS 0x0000000705e00000, 0x0000000705e00000| Untracked 
|  48|0x0000000706000000, 0x0000000706000000, 0x0000000706200000|  0%| F|  |TAMS 0x0000000706000000, 0x0000000706000000| Untracked 
|  49|0x0000000706200000, 0x0000000706200000, 0x0000000706400000|  0%| F|  |TAMS 0x0000000706200000, 0x0000000706200000| Untracked 
|  50|0x0000000706400000, 0x0000000706400000, 0x0000000706600000|  0%| F|  |TAMS 0x0000000706400000, 0x0000000706400000| Untracked 
|  51|0x0000000706600000, 0x0000000706600000, 0x0000000706800000|  0%| F|  |TAMS 0x0000000706600000, 0x0000000706600000| Untracked 
|  52|0x0000000706800000, 0x0000000706800000, 0x0000000706a00000|  0%| F|  |TAMS 0x0000000706800000, 0x0000000706800000| Untracked 
|  53|0x0000000706a00000, 0x0000000706a00000, 0x0000000706c00000|  0%| F|  |TAMS 0x0000000706a00000, 0x0000000706a00000| Untracked 
|  54|0x0000000706c00000, 0x0000000706c00000, 0x0000000706e00000|  0%| F|  |TAMS 0x0000000706c00000, 0x0000000706c00000| Untracked 
|  55|0x0000000706e00000, 0x0000000706e00000, 0x0000000707000000|  0%| F|  |TAMS 0x0000000706e00000, 0x0000000706e00000| Untracked 
|  56|0x0000000707000000, 0x0000000707000000, 0x0000000707200000|  0%| F|  |TAMS 0x0000000707000000, 0x0000000707000000| Untracked 
|  57|0x0000000707200000, 0x0000000707200000, 0x0000000707400000|  0%| F|  |TAMS 0x0000000707200000, 0x0000000707200000| Untracked 
|  58|0x0000000707400000, 0x0000000707400000, 0x0000000707600000|  0%| F|  |TAMS 0x0000000707400000, 0x0000000707400000| Untracked 
|  59|0x0000000707600000, 0x0000000707600000, 0x0000000707800000|  0%| F|  |TAMS 0x0000000707600000, 0x0000000707600000| Untracked 
|  60|0x0000000707800000, 0x0000000707800000, 0x0000000707a00000|  0%| F|  |TAMS 0x0000000707800000, 0x0000000707800000| Untracked 
|  61|0x0000000707a00000, 0x0000000707a00000, 0x0000000707c00000|  0%| F|  |TAMS 0x0000000707a00000, 0x0000000707a00000| Untracked 
|  62|0x0000000707c00000, 0x0000000707c00000, 0x0000000707e00000|  0%| F|  |TAMS 0x0000000707c00000, 0x0000000707c00000| Untracked 
|  63|0x0000000707e00000, 0x0000000707e00000, 0x0000000708000000|  0%| F|  |TAMS 0x0000000707e00000, 0x0000000707e00000| Untracked 
|  64|0x0000000708000000, 0x0000000708000000, 0x0000000708200000|  0%| F|  |TAMS 0x0000000708000000, 0x0000000708000000| Untracked 
|  65|0x0000000708200000, 0x0000000708200000, 0x0000000708400000|  0%| F|  |TAMS 0x0000000708200000, 0x0000000708200000| Untracked 
|  66|0x0000000708400000, 0x0000000708400000, 0x0000000708600000|  0%| F|  |TAMS 0x0000000708400000, 0x0000000708400000| Untracked 
|  67|0x0000000708600000, 0x0000000708600000, 0x0000000708800000|  0%| F|  |TAMS 0x0000000708600000, 0x0000000708600000| Untracked 
|  68|0x0000000708800000, 0x0000000708800000, 0x0000000708a00000|  0%| F|  |TAMS 0x0000000708800000, 0x0000000708800000| Untracked 
|  69|0x0000000708a00000, 0x0000000708a00000, 0x0000000708c00000|  0%| F|  |TAMS 0x0000000708a00000, 0x0000000708a00000| Untracked 
|  70|0x0000000708c00000, 0x0000000708c00000, 0x0000000708e00000|  0%| F|  |TAMS 0x0000000708c00000, 0x0000000708c00000| Untracked 
|  71|0x0000000708e00000, 0x0000000708e00000, 0x0000000709000000|  0%| F|  |TAMS 0x0000000708e00000, 0x0000000708e00000| Untracked 
|  72|0x0000000709000000, 0x0000000709000000, 0x0000000709200000|  0%| F|  |TAMS 0x0000000709000000, 0x0000000709000000| Untracked 
|  73|0x0000000709200000, 0x0000000709200000, 0x0000000709400000|  0%| F|  |TAMS 0x0000000709200000, 0x0000000709200000| Untracked 
|  74|0x0000000709400000, 0x0000000709400000, 0x0000000709600000|  0%| F|  |TAMS 0x0000000709400000, 0x0000000709400000| Untracked 
|  75|0x0000000709600000, 0x0000000709600000, 0x0000000709800000|  0%| F|  |TAMS 0x0000000709600000, 0x0000000709600000| Untracked 
|  76|0x0000000709800000, 0x0000000709800000, 0x0000000709a00000|  0%| F|  |TAMS 0x0000000709800000, 0x0000000709800000| Untracked 
|  77|0x0000000709a00000, 0x0000000709a00000, 0x0000000709c00000|  0%| F|  |TAMS 0x0000000709a00000, 0x0000000709a00000| Untracked 
|  78|0x0000000709c00000, 0x0000000709c00000, 0x0000000709e00000|  0%| F|  |TAMS 0x0000000709c00000, 0x0000000709c00000| Untracked 
|  79|0x0000000709e00000, 0x0000000709e00000, 0x000000070a000000|  0%| F|  |TAMS 0x0000000709e00000, 0x0000000709e00000| Untracked 
|  80|0x000000070a000000, 0x000000070a000000, 0x000000070a200000|  0%| F|  |TAMS 0x000000070a000000, 0x000000070a000000| Untracked 
|  81|0x000000070a200000, 0x000000070a200000, 0x000000070a400000|  0%| F|  |TAMS 0x000000070a200000, 0x000000070a200000| Untracked 
|  82|0x000000070a400000, 0x000000070a400000, 0x000000070a600000|  0%| F|  |TAMS 0x000000070a400000, 0x000000070a400000| Untracked 
|  83|0x000000070a600000, 0x000000070a600000, 0x000000070a800000|  0%| F|  |TAMS 0x000000070a600000, 0x000000070a600000| Untracked 
|  84|0x000000070a800000, 0x000000070a800000, 0x000000070aa00000|  0%| F|  |TAMS 0x000000070a800000, 0x000000070a800000| Untracked 
|  85|0x000000070aa00000, 0x000000070aa00000, 0x000000070ac00000|  0%| F|  |TAMS 0x000000070aa00000, 0x000000070aa00000| Untracked 
|  86|0x000000070ac00000, 0x000000070ac00000, 0x000000070ae00000|  0%| F|  |TAMS 0x000000070ac00000, 0x000000070ac00000| Untracked 
|  87|0x000000070ae00000, 0x000000070ae00000, 0x000000070b000000|  0%| F|  |TAMS 0x000000070ae00000, 0x000000070ae00000| Untracked 
|  88|0x000000070b000000, 0x000000070b000000, 0x000000070b200000|  0%| F|  |TAMS 0x000000070b000000, 0x000000070b000000| Untracked 
|  89|0x000000070b200000, 0x000000070b200000, 0x000000070b400000|  0%| F|  |TAMS 0x000000070b200000, 0x000000070b200000| Untracked 
|  90|0x000000070b400000, 0x000000070b400000, 0x000000070b600000|  0%| F|  |TAMS 0x000000070b400000, 0x000000070b400000| Untracked 
|  91|0x000000070b600000, 0x000000070b600000, 0x000000070b800000|  0%| F|  |TAMS 0x000000070b600000, 0x000000070b600000| Untracked 
|  92|0x000000070b800000, 0x000000070b800000, 0x000000070ba00000|  0%| F|  |TAMS 0x000000070b800000, 0x000000070b800000| Untracked 
|  93|0x000000070ba00000, 0x000000070ba00000, 0x000000070bc00000|  0%| F|  |TAMS 0x000000070ba00000, 0x000000070ba00000| Untracked 
|  94|0x000000070bc00000, 0x000000070bc00000, 0x000000070be00000|  0%| F|  |TAMS 0x000000070bc00000, 0x000000070bc00000| Untracked 
|  95|0x000000070be00000, 0x000000070be00000, 0x000000070c000000|  0%| F|  |TAMS 0x000000070be00000, 0x000000070be00000| Untracked 
|  96|0x000000070c000000, 0x000000070c000000, 0x000000070c200000|  0%| F|  |TAMS 0x000000070c000000, 0x000000070c000000| Untracked 
|  97|0x000000070c200000, 0x000000070c200000, 0x000000070c400000|  0%| F|  |TAMS 0x000000070c200000, 0x000000070c200000| Untracked 
|  98|0x000000070c400000, 0x000000070c400000, 0x000000070c600000|  0%| F|  |TAMS 0x000000070c400000, 0x000000070c400000| Untracked 
|  99|0x000000070c600000, 0x000000070c600000, 0x000000070c800000|  0%| F|  |TAMS 0x000000070c600000, 0x000000070c600000| Untracked 
| 100|0x000000070c800000, 0x000000070c800000, 0x000000070ca00000|  0%| F|  |TAMS 0x000000070c800000, 0x000000070c800000| Untracked 
| 101|0x000000070ca00000, 0x000000070ca00000, 0x000000070cc00000|  0%| F|  |TAMS 0x000000070ca00000, 0x000000070ca00000| Untracked 
| 102|0x000000070cc00000, 0x000000070cc00000, 0x000000070ce00000|  0%| F|  |TAMS 0x000000070cc00000, 0x000000070cc00000| Untracked 
| 103|0x000000070ce00000, 0x000000070ce00000, 0x000000070d000000|  0%| F|  |TAMS 0x000000070ce00000, 0x000000070ce00000| Untracked 
| 104|0x000000070d000000, 0x000000070d000000, 0x000000070d200000|  0%| F|  |TAMS 0x000000070d000000, 0x000000070d000000| Untracked 
| 105|0x000000070d200000, 0x000000070d200000, 0x000000070d400000|  0%| F|  |TAMS 0x000000070d200000, 0x000000070d200000| Untracked 
| 106|0x000000070d400000, 0x000000070d400000, 0x000000070d600000|  0%| F|  |TAMS 0x000000070d400000, 0x000000070d400000| Untracked 
| 107|0x000000070d600000, 0x000000070d600000, 0x000000070d800000|  0%| F|  |TAMS 0x000000070d600000, 0x000000070d600000| Untracked 
| 108|0x000000070d800000, 0x000000070d800000, 0x000000070da00000|  0%| F|  |TAMS 0x000000070d800000, 0x000000070d800000| Untracked 
| 109|0x000000070da00000, 0x000000070da00000, 0x000000070dc00000|  0%| F|  |TAMS 0x000000070da00000, 0x000000070da00000| Untracked 
| 110|0x000000070dc00000, 0x000000070dc00000, 0x000000070de00000|  0%| F|  |TAMS 0x000000070dc00000, 0x000000070dc00000| Untracked 
| 111|0x000000070de00000, 0x000000070de00000, 0x000000070e000000|  0%| F|  |TAMS 0x000000070de00000, 0x000000070de00000| Untracked 
| 112|0x000000070e000000, 0x000000070e000000, 0x000000070e200000|  0%| F|  |TAMS 0x000000070e000000, 0x000000070e000000| Untracked 
| 113|0x000000070e200000, 0x000000070e200000, 0x000000070e400000|  0%| F|  |TAMS 0x000000070e200000, 0x000000070e200000| Untracked 
| 114|0x000000070e400000, 0x000000070e400000, 0x000000070e600000|  0%| F|  |TAMS 0x000000070e400000, 0x000000070e400000| Untracked 
| 115|0x000000070e600000, 0x000000070e800000, 0x000000070e800000|100%| S|CS|TAMS 0x000000070e600000, 0x000000070e600000| Complete 
| 116|0x000000070e800000, 0x000000070ea00000, 0x000000070ea00000|100%| S|CS|TAMS 0x000000070e800000, 0x000000070e800000| Complete 
| 117|0x000000070ea00000, 0x000000070ea00000, 0x000000070ec00000|  0%| F|  |TAMS 0x000000070ea00000, 0x000000070ea00000| Untracked 
| 118|0x000000070ec00000, 0x000000070ec00000, 0x000000070ee00000|  0%| F|  |TAMS 0x000000070ec00000, 0x000000070ec00000| Untracked 
| 119|0x000000070ee00000, 0x000000070ee00000, 0x000000070f000000|  0%| F|  |TAMS 0x000000070ee00000, 0x000000070ee00000| Untracked 
| 120|0x000000070f000000, 0x000000070f000000, 0x000000070f200000|  0%| F|  |TAMS 0x000000070f000000, 0x000000070f000000| Untracked 
| 121|0x000000070f200000, 0x000000070f3353d8, 0x000000070f400000| 60%| E|  |TAMS 0x000000070f200000, 0x000000070f200000| Complete 
| 122|0x000000070f400000, 0x000000070f600000, 0x000000070f600000|100%| E|CS|TAMS 0x000000070f400000, 0x000000070f400000| Complete 
| 123|0x000000070f600000, 0x000000070f800000, 0x000000070f800000|100%| E|CS|TAMS 0x000000070f600000, 0x000000070f600000| Complete 
| 124|0x000000070f800000, 0x000000070fa00000, 0x000000070fa00000|100%| E|CS|TAMS 0x000000070f800000, 0x000000070f800000| Complete 
| 125|0x000000070fa00000, 0x000000070fc00000, 0x000000070fc00000|100%| E|CS|TAMS 0x000000070fa00000, 0x000000070fa00000| Complete 
| 126|0x000000070fc00000, 0x000000070fe00000, 0x000000070fe00000|100%| E|CS|TAMS 0x000000070fc00000, 0x000000070fc00000| Complete 
| 127|0x000000070fe00000, 0x0000000710000000, 0x0000000710000000|100%| E|  |TAMS 0x000000070fe00000, 0x000000070fe00000| Complete 
|1534|0x00000007bfc00000, 0x00000007bfd51000, 0x00000007bfe00000| 65%|OA|  |TAMS 0x00000007bfc00000, 0x00000007bfc00000| Untracked 
|1535|0x00000007bfe00000, 0x00000007bfe79000, 0x00000007c0000000| 23%|CA|  |TAMS 0x00000007bfe00000, 0x00000007bfe00000| Untracked 

Card table byte_map: [0x000000010ed90000,0x000000010f590000] _byte_map_base: 0x000000010b590000

Marking Bits (Prev, Next): (CMBitMap*) 0x00007fb73182b410, (CMBitMap*) 0x00007fb73182b450
 Prev Bits: [0x000000012d903000, 0x0000000131903000)
 Next Bits: [0x0000000131903000, 0x0000000135903000)

Polling page: 0x000000010e329000

Metaspace:

Usage:
  Non-class:      8.09 MB capacity,     7.96 MB ( 98%) used,   123.07 KB (  1%) free+waste,     9.31 KB ( <1%) overhead. 
      Class:    822.00 KB capacity,   774.03 KB ( 94%) used,    44.41 KB (  5%) free+waste,     3.56 KB ( <1%) overhead. 
       Both:      8.89 MB capacity,     8.71 MB ( 98%) used,   167.48 KB (  2%) free+waste,    12.88 KB ( <1%) overhead. 

Virtual space:
  Non-class space:       10.00 MB reserved,       8.25 MB ( 82%) committed 
      Class space:        1.00 GB reserved,     896.00 KB ( <1%) committed 
             Both:        1.01 GB reserved,       9.12 MB ( <1%) committed 

Chunk freelists:
   Non-Class:  119.00 KB
       Class:  26.00 KB
        Both:  145.00 KB

MaxMetaspaceSize: 17179869184.00 GB
CompressedClassSpaceSize: 1.00 GB

CodeHeap 'non-profiled nmethods': size=120028Kb used=474Kb max_used=474Kb free=119553Kb
 bounds [0x00000001263cc000, 0x000000012663c000, 0x000000012d903000]
CodeHeap 'profiled nmethods': size=120028Kb used=2273Kb max_used=2273Kb free=117754Kb
 bounds [0x000000011ee95000, 0x000000011f105000, 0x00000001263cc000]
CodeHeap 'non-nmethods': size=5704Kb used=1295Kb max_used=1326Kb free=4409Kb
 bounds [0x000000011e903000, 0x000000011eb73000, 0x000000011ee95000]
 total_blobs=1941 nmethods=1349 adapters=506
 compilation: enabled
              stopped_count=0, restarted_count=0
 full_count=0

Compilation events (20 events):
Event: 1.335 Thread 0x00007fb7310d8a00 nmethod 1337 0x0000000126440a90 code [0x0000000126440c20, 0x0000000126440cd0]
Event: 1.339 Thread 0x00007fb7310d8400 1340       4       com.sun.imageio.plugins.jpeg.JPEGImageReader$CallBackLock::lock (8 bytes)
Event: 1.340 Thread 0x00007fb7310d8400 nmethod 1340 0x0000000126440d90 code [0x0000000126440f00, 0x0000000126441038]
Event: 1.341 Thread 0x00007fb7310d8a00 1341   !   3       javax.imageio.stream.MemoryCache::loadFromStream (189 bytes)
Event: 1.342 Thread 0x00007fb7310d8a00 nmethod 1341 0x000000011f0c9b90 code [0x000000011f0c9de0, 0x000000011f0ca9b0]
Event: 1.344 Thread 0x00007fb7310d8a00 1342       3       java.util.HashMap::tableSizeFor (32 bytes)
Event: 1.344 Thread 0x00007fb7310d8a00 nmethod 1342 0x000000011f0cae10 code [0x000000011f0cafc0, 0x000000011f0cb1a0]
Event: 1.344 Thread 0x00007fb7310d8a00 1343       3       com.jme3.util.ListMap::size (8 bytes)
Event: 1.344 Thread 0x00007fb7310d8a00 nmethod 1343 0x000000011f0cb290 code [0x000000011f0cb420, 0x000000011f0cb5d0]
Event: 1.344 Thread 0x00007fb7310d8a00 1344       1       com.jme3.util.ListMap$ListMapEntry::getKey (5 bytes)
Event: 1.345 Thread 0x00007fb7310d8a00 nmethod 1344 0x0000000126441090 code [0x0000000126441220, 0x00000001264412d0]
Event: 1.345 Thread 0x00007fb7310d8a00 1345       1       com.jme3.util.ListMap$ListMapEntry::getValue (5 bytes)
Event: 1.345 Thread 0x00007fb7310d8a00 nmethod 1345 0x0000000126441390 code [0x0000000126441520, 0x00000001264415d0]
Event: 1.345 Thread 0x00007fb7310d8400 1348       4       java.util.regex.Pattern$CharPropertyGreedy::match (160 bytes)
Event: 1.345 Thread 0x00007fb7310d8a00 1347       3       java.util.regex.Pattern::qtype (39 bytes)
Event: 1.345 Thread 0x00007fb7310d8a00 nmethod 1347 0x000000011f0cb690 code [0x000000011f0cb860, 0x000000011f0cbaa0]
Event: 1.345 Thread 0x00007fb7310d8a00 1346       3       java.util.regex.Pattern::curly (66 bytes)
Event: 1.346 Thread 0x00007fb7310d8a00 nmethod 1346 0x000000011f0cbb90 code [0x000000011f0cbde0, 0x000000011f0ccc20]
Event: 1.346 Thread 0x00007fb7310d8a00 1349       3       java.util.EnumMap::get (29 bytes)
Event: 1.346 Thread 0x00007fb7310d8a00 nmethod 1349 0x000000011f0ccf10 code [0x000000011f0cd0e0, 0x000000011f0cd4a0]

GC Heap History (2 events):
Event: 1.264 GC heap before
{Heap before GC invocations=0 (full 0):
 garbage-first heap   total 266240K, used 22312K [0x0000000700000000, 0x0000000800000000)
  region size 2048K, 11 young (22528K), 0 survivors (0K)
 Metaspace       used 8816K, capacity 8972K, committed 9344K, reserved 1058816K
  class space    used 766K, capacity 821K, committed 896K, reserved 1048576K
}
Event: 1.268 GC heap after
{Heap after GC invocations=1 (full 0):
 garbage-first heap   total 266240K, used 5935K [0x0000000700000000, 0x0000000800000000)
  region size 2048K, 2 young (4096K), 2 survivors (4096K)
 Metaspace       used 8816K, capacity 8972K, committed 9344K, reserved 1058816K
  class space    used 766K, capacity 821K, committed 896K, reserved 1048576K
}

Deoptimization events (20 events):
Event: 1.295 Thread 0x00007fb72e8a3000 DEOPT PACKING pc=0x000000011f05c9a0 sp=0x00007000046b3820
Event: 1.295 Thread 0x00007fb72e8a3000 DEOPT UNPACKING pc=0x000000011e950f2b sp=0x00007000046b2d18 mode 0
Event: 1.295 Thread 0x00007fb72e8a3000 DEOPT PACKING pc=0x000000011f05c9a0 sp=0x00007000046b3820
Event: 1.295 Thread 0x00007fb72e8a3000 DEOPT UNPACKING pc=0x000000011e950f2b sp=0x00007000046b2d18 mode 0
Event: 1.295 Thread 0x00007fb72e8a3000 DEOPT PACKING pc=0x000000011f05c9a0 sp=0x00007000046b3820
Event: 1.295 Thread 0x00007fb72e8a3000 DEOPT UNPACKING pc=0x000000011e950f2b sp=0x00007000046b2d18 mode 0
Event: 1.296 Thread 0x00007fb72e8a3000 DEOPT PACKING pc=0x000000011f05c9a0 sp=0x00007000046b3820
Event: 1.296 Thread 0x00007fb72e8a3000 DEOPT UNPACKING pc=0x000000011e950f2b sp=0x00007000046b2d18 mode 0
Event: 1.296 Thread 0x00007fb72e8a3000 DEOPT PACKING pc=0x000000011f05c9a0 sp=0x00007000046b3820
Event: 1.296 Thread 0x00007fb72e8a3000 DEOPT UNPACKING pc=0x000000011e950f2b sp=0x00007000046b2d18 mode 0
Event: 1.296 Thread 0x00007fb72e8a3000 DEOPT PACKING pc=0x000000011f05c9a0 sp=0x00007000046b3820
Event: 1.296 Thread 0x00007fb72e8a3000 DEOPT UNPACKING pc=0x000000011e950f2b sp=0x00007000046b2d18 mode 0
Event: 1.296 Thread 0x00007fb72e8a3000 DEOPT PACKING pc=0x000000011f05c9a0 sp=0x00007000046b3820
Event: 1.296 Thread 0x00007fb72e8a3000 DEOPT UNPACKING pc=0x000000011e950f2b sp=0x00007000046b2d18 mode 0
Event: 1.296 Thread 0x00007fb72e8a3000 DEOPT PACKING pc=0x000000011f05c9a0 sp=0x00007000046b3820
Event: 1.296 Thread 0x00007fb72e8a3000 DEOPT UNPACKING pc=0x000000011e950f2b sp=0x00007000046b2d18 mode 0
Event: 1.297 Thread 0x00007fb72e8a3000 DEOPT PACKING pc=0x000000011f05c9a0 sp=0x00007000046b3820
Event: 1.297 Thread 0x00007fb72e8a3000 DEOPT UNPACKING pc=0x000000011e950f2b sp=0x00007000046b2d18 mode 0
Event: 1.297 Thread 0x00007fb72e8a3000 DEOPT PACKING pc=0x000000011f05c9a0 sp=0x00007000046b3820
Event: 1.297 Thread 0x00007fb72e8a3000 DEOPT UNPACKING pc=0x000000011e950f2b sp=0x00007000046b2d18 mode 0

Classes unloaded (0 events):
No events

Classes redefined (0 events):
No events

Internal exceptions (19 events):
Event: 0.086 Thread 0x00007fb731808e00 Implicit null exception at 0x00000001263d70b5 to 0x00000001263d721c
Event: 0.125 Thread 0x00007fb72e80ee00 Exception <a 'java/lang/NoSuchMethodError'{0x000000070fcec438}: 'java.lang.Object java.lang.invoke.DirectMethodHandle$Holder.invokeStatic(java.lang.Object)'> (0x000000070fcec438) 
thrown [./open/src/hotspot/share/interpreter/linkResolver.cpp, line 782]
Event: 0.125 Thread 0x00007fb72e80ee00 Exception <a 'java/lang/NoSuchMethodError'{0x000000070fcefc20}: 'java.lang.Object java.lang.invoke.DirectMethodHandle$Holder.invokeStaticInit(java.lang.Object)'> (0x000000070fcefc20) 
thrown [./open/src/hotspot/share/interpreter/linkResolver.cpp, line 782]
Event: 0.138 Thread 0x00007fb731808e00 Exception <a 'java/lang/NoSuchMethodError'{0x000000070fde9938}: 'void java.lang.invoke.DirectMethodHandle$Holder.invokeSpecial(java.lang.Object, java.lang.Object, java.lang.Object)'> (0x000000070fde9938) 
thrown [./open/src/hotspot/share/interpreter/linkResolver.cpp, line 782]
Event: 0.139 Thread 0x00007fb72e80ee00 Exception <a 'java/lang/NoSuchMethodError'{0x000000070fcfd9d0}: 'void java.lang.invoke.DirectMethodHandle$Holder.invokeStatic(java.lang.Object, java.lang.Object)'> (0x000000070fcfd9d0) 
thrown [./open/src/hotspot/share/interpreter/linkResolver.cpp, line 782]
Event: 0.203 Thread 0x00007fb731808e00 Exception <a 'java/lang/ClassNotFoundException'{0x000000070f80ac50}: sun/util/logging/resources/spi/loggingProvider> (0x000000070f80ac50) 
thrown [./open/src/hotspot/share/classfile/systemDictionary.cpp, line 295]
Event: 0.266 Thread 0x00007fb72e8a3000 Exception <a 'java/lang/ClassNotFoundException'{0x000000070f66de40}: sun/awt/resources/spi/awtProvider> (0x000000070f66de40) 
thrown [./open/src/hotspot/share/classfile/systemDictionary.cpp, line 295]
Event: 0.272 Thread 0x00007fb72e8a3000 Exception <a 'java/io/FileNotFoundException'{0x000000070f674760}> (0x000000070f674760) 
thrown [./open/src/hotspot/share/prims/jni.cpp, line 578]
Event: 0.279 Thread 0x00007fb72e8a3000 Exception <a 'java/io/FileNotFoundException'{0x000000070f6a2eb8}> (0x000000070f6a2eb8) 
thrown [./open/src/hotspot/share/prims/jni.cpp, line 578]
Event: 0.282 Thread 0x00007fb72e8a3000 Exception <a 'java/lang/ClassNotFoundException'{0x000000070f6a6c40}: sun/awt/resources/spi/awtosxProvider> (0x000000070f6a6c40) 
thrown [./open/src/hotspot/share/classfile/systemDictionary.cpp, line 295]
Event: 0.799 Thread 0x00007fb72e8a3000 Exception <a 'org/lwjgl/LWJGLException'{0x000000070f1560e8}: Could not load OpenAL library> (0x000000070f1560e8) 
thrown [./open/src/hotspot/share/prims/jni.cpp, line 599]
Event: 0.799 Thread 0x00007fb72e8a3000 Exception <a 'org/lwjgl/LWJGLException'{0x000000070f1565c0}: Could not load OpenAL library> (0x000000070f1565c0) 
thrown [./open/src/hotspot/share/prims/jni.cpp, line 599]
Event: 0.800 Thread 0x00007fb72e8a3000 Exception <a 'org/lwjgl/LWJGLException'{0x000000070f156a98}: Could not load OpenAL library> (0x000000070f156a98) 
thrown [./open/src/hotspot/share/prims/jni.cpp, line 599]
Event: 0.800 Thread 0x00007fb72e8a3000 Exception <a 'org/lwjgl/LWJGLException'{0x000000070f156f30}: Could not load OpenAL library> (0x000000070f156f30) 
thrown [./open/src/hotspot/share/prims/jni.cpp, line 599]
Event: 0.800 Thread 0x00007fb72e8a3000 Exception <a 'org/lwjgl/LWJGLException'{0x000000070f1573e8}: Could not load OpenAL library> (0x000000070f1573e8) 
thrown [./open/src/hotspot/share/prims/jni.cpp, line 599]
Event: 0.800 Thread 0x00007fb72e8a3000 Exception <a 'org/lwjgl/LWJGLException'{0x000000070f157898}: Could not load OpenAL library> (0x000000070f157898) 
thrown [./open/src/hotspot/share/prims/jni.cpp, line 599]
Event: 0.800 Thread 0x00007fb72e8a3000 Exception <a 'org/lwjgl/LWJGLException'{0x000000070f157d00}: Could not load OpenAL library> (0x000000070f157d00) 
thrown [./open/src/hotspot/share/prims/jni.cpp, line 599]
Event: 0.801 Thread 0x00007fb72e8a3000 Exception <a 'org/lwjgl/LWJGLException'{0x000000070f158148}: Could not load OpenAL library> (0x000000070f158148) 
thrown [./open/src/hotspot/share/prims/jni.cpp, line 599]
Event: 0.801 Thread 0x00007fb72e8a3000 Exception <a 'org/lwjgl/LWJGLException'{0x000000070f1585e8}: Could not load OpenAL library> (0x000000070f1585e8) 
thrown [./open/src/hotspot/share/prims/jni.cpp, line 599]

Events (20 events):
Event: 1.261 loading class javax/imageio/plugins/jpeg/JPEGQTable
Event: 1.261 loading class javax/imageio/plugins/jpeg/JPEGQTable done
Event: 1.261 loading class javax/imageio/plugins/jpeg/JPEGHuffmanTable
Event: 1.261 loading class javax/imageio/plugins/jpeg/JPEGHuffmanTable done
Event: 1.262 loading class com/sun/imageio/plugins/jpeg/JPEGImageReader$CallBackLock
Event: 1.262 loading class com/sun/imageio/plugins/jpeg/JPEGImageReader$CallBackLock done
Event: 1.262 loading class com/sun/imageio/plugins/jpeg/JPEGImageReader$CallBackLock$State
Event: 1.262 loading class com/sun/imageio/plugins/jpeg/JPEGImageReader$CallBackLock$State done
Event: 1.262 loading class com/sun/imageio/plugins/jpeg/JPEGImageReader$JPEGReaderDisposerRecord
Event: 1.263 loading class com/sun/imageio/plugins/jpeg/JPEGImageReader$JPEGReaderDisposerRecord done
Event: 1.263 loading class javax/imageio/plugins/jpeg/JPEGImageReadParam
Event: 1.263 loading class javax/imageio/plugins/jpeg/JPEGImageReadParam done
Event: 1.264 loading class com/sun/imageio/plugins/jpeg/ImageTypeProducer
Event: 1.264 loading class com/sun/imageio/plugins/jpeg/ImageTypeProducer done
Event: 1.264 loading class com/sun/imageio/plugins/jpeg/ImageTypeIterator
Event: 1.264 loading class com/sun/imageio/plugins/jpeg/ImageTypeIterator done
Event: 1.264 loading class com/sun/imageio/plugins/jpeg/JPEG$JCS
Event: 1.264 loading class com/sun/imageio/plugins/jpeg/JPEG$JCS done
Event: 1.264 Executing VM operation: G1CollectForAllocation
Event: 1.268 Executing VM operation: G1CollectForAllocation done


Dynamic libraries:
0x00007fff2a5c9000 	/usr/lib/libz.1.dylib
0x000000010d325000 	/Library/Java/JavaVirtualMachines/jdk-15.0.1.jdk/Contents/Home/lib/libjli.dylib
0x00007fff3511b000 	/System/Library/Frameworks/Cocoa.framework/Versions/A/Cocoa
0x00007fff22340000 	/System/Library/Frameworks/Security.framework/Versions/A/Security
0x00007fff33318000 	/System/Library/Frameworks/ApplicationServices.framework/Versions/A/ApplicationServices
0x00007fff2a691000 	/usr/lib/libSystem.B.dylib
0x00007fff2a68b000 	/usr/lib/system/libcache.dylib
0x00007fff2a647000 	/usr/lib/system/libcommonCrypto.dylib
0x00007fff2a671000 	/usr/lib/system/libcompiler_rt.dylib
0x00007fff2a666000 	/usr/lib/system/libcopyfile.dylib
0x00007fff20214000 	/usr/lib/system/libcorecrypto.dylib
0x00007fff202e1000 	/usr/lib/system/libdispatch.dylib
0x00007fff20495000 	/usr/lib/system/libdyld.dylib
0x00007fff2a682000 	/usr/lib/system/libkeymgr.dylib
0x00007fff2daca000 	/usr/lib/system/liblaunch.dylib
0x00007fff2a625000 	/usr/lib/system/libmacho.dylib
0x00007fff29e3f000 	/usr/lib/system/libquarantine.dylib
0x00007fff2a67f000 	/usr/lib/system/libremovefile.dylib
0x00007fff24cd7000 	/usr/lib/system/libsystem_asl.dylib
0x00007fff201c4000 	/usr/lib/system/libsystem_blocks.dylib
0x00007fff20362000 	/usr/lib/system/libsystem_c.dylib
0x00007fff2a679000 	/usr/lib/system/libsystem_collections.dylib
0x00007fff29133000 	/usr/lib/system/libsystem_configuration.dylib
0x00007fff28426000 	/usr/lib/system/libsystem_containermanager.dylib
0x00007fff2a3c1000 	/usr/lib/system/libsystem_coreservices.dylib
0x00007fff228f4000 	/usr/lib/system/libsystem_darwin.dylib
0x00007fff2a683000 	/usr/lib/system/libsystem_dnssd.dylib
0x00007fff2035f000 	/usr/lib/system/libsystem_featureflags.dylib
0x00007fff204da000 	/usr/lib/system/libsystem_info.dylib
0x00007fff2a5dc000 	/usr/lib/system/libsystem_m.dylib
0x00007fff202b4000 	/usr/lib/system/libsystem_malloc.dylib
0x00007fff24c6b000 	/usr/lib/system/libsystem_networkextension.dylib
0x00007fff22d0f000 	/usr/lib/system/libsystem_notify.dylib
0x00007fff2ff7e000 	/usr/lib/system/libsystem_product_info_filter.dylib
0x00007fff29137000 	/usr/lib/system/libsystem_sandbox.dylib
0x00007fff2a67c000 	/usr/lib/system/libsystem_secinit.dylib
0x00007fff2045a000 	/usr/lib/system/libsystem_kernel.dylib
0x00007fff204d0000 	/usr/lib/system/libsystem_platform.dylib
0x00007fff20489000 	/usr/lib/system/libsystem_pthread.dylib
0x00007fff263d6000 	/usr/lib/system/libsystem_symptoms.dylib
0x00007fff201fc000 	/usr/lib/system/libsystem_trace.dylib
0x00007fff2a653000 	/usr/lib/system/libunwind.dylib
0x00007fff201c6000 	/usr/lib/system/libxpc.dylib
0x00007fff20441000 	/usr/lib/libc++abi.dylib
0x00007fff20326000 	/usr/lib/libobjc.A.dylib
0x00007fff2a65e000 	/usr/lib/liboah.dylib
0x00007fff203eb000 	/usr/lib/libc++.1.dylib
0x00007fff20506000 	/System/Library/Frameworks/CoreFoundation.framework/Versions/A/CoreFoundation
0x00007fff212b3000 	/System/Library/Frameworks/Foundation.framework/Versions/C/Foundation
0x00007fff22d67000 	/System/Library/Frameworks/AppKit.framework/Versions/C/AppKit
0x00007fff25bff000 	/System/Library/Frameworks/CoreData.framework/Versions/A/CoreData
0x00007fff23aca000 	/System/Library/PrivateFrameworks/UIFoundation.framework/Versions/A/UIFoundation
0x00007fff2fcf7000 	/System/Library/PrivateFrameworks/RemoteViewServices.framework/Versions/A/RemoteViewServices
0x00007fff28af0000 	/System/Library/PrivateFrameworks/XCTTargetBootstrap.framework/Versions/A/XCTTargetBootstrap
0x00007fff2b7d1000 	/usr/lib/libspindump.dylib
0x00007fff23d1f000 	/System/Library/Frameworks/UniformTypeIdentifiers.framework/Versions/A/UniformTypeIdentifiers
0x00007fff272c6000 	/usr/lib/libapp_launch_measurement.dylib
0x00007fff272c9000 	/System/Library/PrivateFrameworks/CoreAutoLayout.framework/Versions/A/CoreAutoLayout
0x00007fff28452000 	/System/Library/Frameworks/Metal.framework/Versions/A/Metal
0x00007fff29142000 	/usr/lib/liblangid.dylib
0x00007fff28af4000 	/System/Library/PrivateFrameworks/CoreSVG.framework/Versions/A/CoreSVG
0x00007fff24d06000 	/System/Library/PrivateFrameworks/SkyLight.framework/Versions/A/SkyLight
0x00007fff2506d000 	/System/Library/Frameworks/CoreGraphics.framework/Versions/A/CoreGraphics
0x00007fff3034e000 	/System/Library/Frameworks/Accelerate.framework/Versions/A/Accelerate
0x00007fff2b20c000 	/System/Library/PrivateFrameworks/IconServices.framework/Versions/A/IconServices
0x00007fff28437000 	/System/Library/Frameworks/IOSurface.framework/Versions/A/IOSurface
0x00007fff26588000 	/usr/lib/libDiagnosticMessagesClient.dylib
0x00007fff28adc000 	/System/Library/PrivateFrameworks/DFRFoundation.framework/Versions/A/DFRFoundation
0x00007fff22692000 	/usr/lib/libicucore.A.dylib
0x00007fff2cd18000 	/System/Library/Frameworks/AudioToolbox.framework/Versions/A/AudioToolbox
0x00007fff2bfbd000 	/System/Library/PrivateFrameworks/DataDetectorsCore.framework/Versions/A/DataDetectorsCore
0x00007fff287dc000 	/System/Library/Frameworks/Carbon.framework/Versions/A/Frameworks/HIToolbox.framework/Versions/A/HIToolbox
0x00007fff26d21000 	/System/Library/Frameworks/QuartzCore.framework/Versions/A/QuartzCore
0x00007fff2fd33000 	/System/Library/Frameworks/Carbon.framework/Versions/A/Frameworks/SpeechRecognition.framework/Versions/A/SpeechRecognition
0x00007fff2702e000 	/System/Library/PrivateFrameworks/CoreUI.framework/Versions/A/CoreUI
0x00007fff21c9b000 	/System/Library/Frameworks/CoreAudio.framework/Versions/A/CoreAudio
0x00007fff26673000 	/System/Library/Frameworks/DiskArbitration.framework/Versions/A/DiskArbitration
0x00007fff2bbcc000 	/System/Library/PrivateFrameworks/MultitouchSupport.framework/Versions/A/MultitouchSupport
0x00007fff2bfb4000 	/System/Library/PrivateFrameworks/InternationalSupport.framework/Versions/A/InternationalSupport
0x00007fff24c7a000 	/usr/lib/libenergytrace.dylib
0x00007fff22c60000 	/System/Library/Frameworks/IOKit.framework/Versions/A/IOKit
0x00007fff30080000 	/System/Library/Frameworks/CoreServices.framework/Versions/A/CoreServices
0x00007fff2725c000 	/System/Library/PrivateFrameworks/PerformanceAnalysis.framework/Versions/A/PerformanceAnalysis
0x00007fff6c9e9000 	/System/Library/Frameworks/OpenGL.framework/Versions/A/OpenGL
0x00007fff2c039000 	/System/Library/PrivateFrameworks/UserActivity.framework/Versions/A/UserActivity
0x00007fff25701000 	/System/Library/Frameworks/ColorSync.framework/Versions/A/ColorSync
0x00007fff28d59000 	/System/Library/Frameworks/CoreImage.framework/Versions/A/CoreImage
0x00007fff21ab2000 	/System/Library/Frameworks/CoreText.framework/Versions/A/CoreText
0x00007fff28b1e000 	/System/Library/Frameworks/ImageIO.framework/Versions/A/ImageIO
0x00007fff2a697000 	/System/Library/PrivateFrameworks/SoftLinking.framework/Versions/A/SoftLinking
0x00007fff27312000 	/usr/lib/libxml2.2.dylib
0x00007fff2a909000 	/usr/lib/libcompression.dylib
0x00007fff24c7b000 	/usr/lib/libMobileGestalt.dylib
0x00007fff2bee7000 	/System/Library/PrivateFrameworks/TextureIO.framework/Versions/A/TextureIO
0x00007fff2af2f000 	/usr/lib/libate.dylib
0x00007fff2ad14000 	/usr/lib/liblzma.5.dylib
0x00007fff20fc7000 	/System/Library/Frameworks/SystemConfiguration.framework/Versions/A/SystemConfiguration
0x00007fff2a693000 	/usr/lib/libfakelink.dylib
0x00007fff247cd000 	/System/Library/Frameworks/CFNetwork.framework/Versions/A/CFNetwork
0x00007fff2a7d3000 	/usr/lib/libarchive.2.dylib
0x00007fff21045000 	/usr/lib/libCRFSuite.dylib
0x00007fff29e66000 	/usr/lib/libbsm.0.dylib
0x00007fff24189000 	/usr/lib/libnetwork.dylib
0x00007fff2a698000 	/usr/lib/libpcap.A.dylib
0x00007fff263cf000 	/usr/lib/libdns_services.dylib
0x00007fff2ad2d000 	/usr/lib/libcoretls_cfhelpers.dylib
0x00007fff2a8d7000 	/usr/lib/libapple_nghttp2.dylib
0x00007fff2a62b000 	/usr/lib/system/libkxld.dylib
0x00007fff26035000 	/usr/lib/libsqlite3.dylib
0x00007fff2a3a3000 	/System/Library/PrivateFrameworks/AppleFSCompression.framework/Versions/A/AppleFSCompression
0x00007fff29e4e000 	/usr/lib/libcoretls.dylib
0x00007fff2a904000 	/usr/lib/libpam.2.dylib
0x00007fff2ae2a000 	/usr/lib/libxar.1.dylib
0x00007fff2913e000 	/System/Library/PrivateFrameworks/AppleSystemInfo.framework/Versions/A/AppleSystemInfo
0x00007fff29a91000 	/System/Library/PrivateFrameworks/IOMobileFramebuffer.framework/Versions/A/IOMobileFramebuffer
0x00007fff2a3b3000 	/usr/lib/libbz2.1.0.dylib
0x00007fff2a6d0000 	/usr/lib/libiconv.2.dylib
0x00007fff2a624000 	/usr/lib/libcharset.1.dylib
0x00007fff27298000 	/System/Library/Frameworks/CoreServices.framework/Versions/A/Frameworks/FSEvents.framework/Versions/A/FSEvents
0x00007fff228fe000 	/System/Library/Frameworks/CoreServices.framework/Versions/A/Frameworks/CarbonCore.framework/Versions/A/CarbonCore
0x00007fff265d8000 	/System/Library/Frameworks/CoreServices.framework/Versions/A/Frameworks/Metadata.framework/Versions/A/Metadata
0x00007fff2a3c6000 	/System/Library/Frameworks/CoreServices.framework/Versions/A/Frameworks/OSServices.framework/Versions/A/OSServices
0x00007fff2a845000 	/System/Library/Frameworks/CoreServices.framework/Versions/A/Frameworks/SearchKit.framework/Versions/A/SearchKit
0x00007fff26359000 	/System/Library/Frameworks/CoreServices.framework/Versions/A/Frameworks/AE.framework/Versions/A/AE
0x00007fff209a2000 	/System/Library/Frameworks/CoreServices.framework/Versions/A/Frameworks/LaunchServices.framework/Versions/A/LaunchServices
0x00007fff2acc5000 	/System/Library/Frameworks/CoreServices.framework/Versions/A/Frameworks/DictionaryServices.framework/Versions/A/DictionaryServices
0x00007fff272a1000 	/System/Library/Frameworks/CoreServices.framework/Versions/A/Frameworks/SharedFileList.framework/Versions/A/SharedFileList
0x00007fff29e42000 	/usr/lib/libCheckFix.dylib
0x00007fff24cee000 	/System/Library/PrivateFrameworks/TCC.framework/Versions/A/TCC
0x00007fff29144000 	/System/Library/PrivateFrameworks/CoreNLP.framework/Versions/A/CoreNLP
0x00007fff2658b000 	/System/Library/PrivateFrameworks/MetadataUtilities.framework/Versions/A/MetadataUtilities
0x00007fff2107b000 	/usr/lib/libmecabra.dylib
0x00007fff2a155000 	/System/Library/Frameworks/MLCompute.framework/Versions/A/MLCompute
0x00007fff29e77000 	/usr/lib/libmecab.dylib
0x00007fff29ec1000 	/usr/lib/libgermantok.dylib
0x00007fff2a8ad000 	/usr/lib/libThaiTokenizer.dylib
0x00007fff2ae65000 	/usr/lib/libChineseTokenizer.dylib
0x00007fff2a902000 	/System/Library/Frameworks/MetalPerformanceShaders.framework/Versions/A/MetalPerformanceShaders
0x00007fff2667a000 	/System/Library/Frameworks/Accelerate.framework/Versions/A/Frameworks/vImage.framework/Versions/A/vImage
0x00007fff30059000 	/System/Library/Frameworks/Accelerate.framework/Versions/A/Frameworks/vecLib.framework/Versions/A/vecLib
0x00007fff2ae70000 	/System/Library/Frameworks/Accelerate.framework/Versions/A/Frameworks/vecLib.framework/Versions/A/libvMisc.dylib
0x00007fff298aa000 	/System/Library/Frameworks/Accelerate.framework/Versions/A/Frameworks/vecLib.framework/Versions/A/libvDSP.dylib
0x00007fff20ca6000 	/System/Library/Frameworks/Accelerate.framework/Versions/A/Frameworks/vecLib.framework/Versions/A/libBLAS.dylib
0x00007fff2a928000 	/System/Library/Frameworks/Accelerate.framework/Versions/A/Frameworks/vecLib.framework/Versions/A/libLAPACK.dylib
0x00007fff29ec7000 	/System/Library/Frameworks/Accelerate.framework/Versions/A/Frameworks/vecLib.framework/Versions/A/libLinearAlgebra.dylib
0x00007fff2a8ef000 	/System/Library/Frameworks/Accelerate.framework/Versions/A/Frameworks/vecLib.framework/Versions/A/libSparseBLAS.dylib
0x00007fff2a922000 	/System/Library/Frameworks/Accelerate.framework/Versions/A/Frameworks/vecLib.framework/Versions/A/libQuadrature.dylib
0x00007fff291ec000 	/System/Library/Frameworks/Accelerate.framework/Versions/A/Frameworks/vecLib.framework/Versions/A/libBNNS.dylib
0x00007fff20f58000 	/System/Library/Frameworks/Accelerate.framework/Versions/A/Frameworks/vecLib.framework/Versions/A/libSparse.dylib
0x00007fff290d7000 	/System/Library/Frameworks/MetalPerformanceShaders.framework/Versions/A/Frameworks/MPSCore.framework/Versions/A/MPSCore
0x00007fff2a312000 	/System/Library/Frameworks/MetalPerformanceShaders.framework/Versions/A/Frameworks/MPSImage.framework/Versions/A/MPSImage
0x00007fff29edd000 	/System/Library/Frameworks/MetalPerformanceShaders.framework/Versions/A/Frameworks/MPSNeuralNetwork.framework/Versions/A/MPSNeuralNetwork
0x00007fff2a29d000 	/System/Library/Frameworks/MetalPerformanceShaders.framework/Versions/A/Frameworks/MPSMatrix.framework/Versions/A/MPSMatrix
0x00007fff2a105000 	/System/Library/Frameworks/MetalPerformanceShaders.framework/Versions/A/Frameworks/MPSRayIntersector.framework/Versions/A/MPSRayIntersector
0x00007fff2a2d4000 	/System/Library/Frameworks/MetalPerformanceShaders.framework/Versions/A/Frameworks/MPSNDArray.framework/Versions/A/MPSNDArray
0x00007fff20bd2000 	/System/Library/PrivateFrameworks/MetalTools.framework/Versions/A/MetalTools
0x00007fff2913c000 	/System/Library/PrivateFrameworks/AggregateDictionary.framework/Versions/A/AggregateDictionary
0x00007fff26563000 	/System/Library/PrivateFrameworks/CoreAnalytics.framework/Versions/A/CoreAnalytics
0x00007fff2a8af000 	/System/Library/PrivateFrameworks/AppleSauce.framework/Versions/A/AppleSauce
0x00007fff28449000 	/System/Library/PrivateFrameworks/IOAccelerator.framework/Versions/A/IOAccelerator
0x00007fff6c9dd000 	/System/Library/Frameworks/OpenGL.framework/Versions/A/Libraries/libCoreFSCache.dylib
0x00007fff21617000 	/System/Library/PrivateFrameworks/LanguageModeling.framework/Versions/A/LanguageModeling
0x00007fff29a7e000 	/System/Library/PrivateFrameworks/CoreEmoji.framework/Versions/A/CoreEmoji
0x00007fff291e5000 	/System/Library/PrivateFrameworks/LinguisticData.framework/Versions/A/LinguisticData
0x00007fff20f0a000 	/System/Library/PrivateFrameworks/Lexicon.framework/Versions/A/Lexicon
0x00007fff2a7c1000 	/usr/lib/libcmph.dylib
0x00007fff27278000 	/System/Library/Frameworks/OpenDirectory.framework/Versions/A/Frameworks/CFOpenDirectory.framework/Versions/A/CFOpenDirectory
0x00007fff27268000 	/System/Library/Frameworks/OpenDirectory.framework/Versions/A/OpenDirectory
0x00007fff2ad2f000 	/System/Library/PrivateFrameworks/APFS.framework/Versions/A/APFS
0x00007fff29da3000 	/System/Library/Frameworks/SecurityFoundation.framework/Versions/A/SecurityFoundation
0x00007fff2ae38000 	/usr/lib/libutil.dylib
0x00007fff22c25000 	/System/Library/PrivateFrameworks/CoreServicesStore.framework/Versions/A/CoreServicesStore
0x00007fff29e3a000 	/System/Library/Frameworks/ServiceManagement.framework/Versions/A/ServiceManagement
0x00007fff2ae3c000 	/usr/lib/libxslt.1.dylib
0x00007fff29e30000 	/System/Library/PrivateFrameworks/BackgroundTaskManagement.framework/Versions/A/BackgroundTaskManagement
0x00007fff2be31000 	/System/Library/Frameworks/ImageIO.framework/Versions/A/Resources/libRadiance.dylib
0x00007fff2be3b000 	/System/Library/Frameworks/ImageIO.framework/Versions/A/Resources/libJPEG.dylib
0x00007fff2bd86000 	/System/Library/Frameworks/ImageIO.framework/Versions/A/Resources/libPng.dylib
0x00007fff2bdad000 	/System/Library/Frameworks/ImageIO.framework/Versions/A/Resources/libTIFF.dylib
0x00007fff2be90000 	/System/Library/Frameworks/ImageIO.framework/Versions/A/Resources/libGIF.dylib
0x00007fff2bae9000 	/System/Library/Frameworks/ImageIO.framework/Versions/A/Resources/libJP2.dylib
0x00007fff2b1d3000 	/usr/lib/libexpat.1.dylib
0x00007fff2ba9e000 	/System/Library/PrivateFrameworks/AppleJPEG.framework/Versions/A/AppleJPEG
0x00007fff2867f000 	/System/Library/PrivateFrameworks/FontServices.framework/libFontParser.dylib
0x00007fff2630d000 	/System/Library/PrivateFrameworks/RunningBoardServices.framework/Versions/A/RunningBoardServices
0x00007fff2bbc8000 	/System/Library/PrivateFrameworks/WatchdogClient.framework/Versions/A/WatchdogClient
0x00007fff21704000 	/System/Library/Frameworks/CoreDisplay.framework/Versions/A/CoreDisplay
0x00007fff28595000 	/System/Library/Frameworks/CoreMedia.framework/Versions/A/CoreMedia
0x00007fff273f5000 	/System/Library/Frameworks/CoreVideo.framework/Versions/A/CoreVideo
0x00007fff2bc00000 	/System/Library/Frameworks/VideoToolbox.framework/Versions/A/VideoToolbox
0x00007fff2628b000 	/System/Library/PrivateFrameworks/BaseBoard.framework/Versions/A/BaseBoard
0x00007fff2b318000 	/System/Library/PrivateFrameworks/PersistentConnection.framework/Versions/A/PersistentConnection
0x00007fff2601e000 	/System/Library/PrivateFrameworks/ProtocolBuffer.framework/Versions/A/ProtocolBuffer
0x00007fff26272000 	/System/Library/PrivateFrameworks/CommonUtilities.framework/Versions/A/CommonUtilities
0x00007fff2ba33000 	/System/Library/PrivateFrameworks/Bom.framework/Versions/A/Bom
0x00007fff2be2a000 	/System/Library/PrivateFrameworks/GPUWrangler.framework/Versions/A/GPUWrangler
0x00007fff2be0d000 	/System/Library/PrivateFrameworks/IOPresentment.framework/Versions/A/IOPresentment
0x00007fff2be35000 	/System/Library/PrivateFrameworks/DSExternalDisplay.framework/Versions/A/DSExternalDisplay
0x00007fff2be95000 	/System/Library/PrivateFrameworks/CMCaptureCore.framework/Versions/A/CMCaptureCore
0x00007fff2b7b8000 	/System/Library/PrivateFrameworks/AppServerSupport.framework/Versions/A/AppServerSupport
0x00007fff2d869000 	/System/Library/PrivateFrameworks/perfdata.framework/Versions/A/perfdata
0x00007fff29d92000 	/System/Library/PrivateFrameworks/AssertionServices.framework/Versions/A/AssertionServices
0x00007fff2183b000 	/System/Library/PrivateFrameworks/AudioToolboxCore.framework/Versions/A/AudioToolboxCore
0x00007fff28578000 	/System/Library/PrivateFrameworks/caulk.framework/Versions/A/caulk
0x00007fff3d514000 	/System/Library/PrivateFrameworks/SystemPolicy.framework/Versions/A/SystemPolicy
0x00007fff2afc8000 	/usr/lib/libIOReport.dylib
0x00007fff2d08b000 	/usr/lib/libSMC.dylib
0x00007fff2bd53000 	/usr/lib/libAudioToolboxUtility.dylib
0x00007fff3de7e000 	/usr/lib/libmis.dylib
0x00007fff6ca39000 	/System/Library/Frameworks/OpenGL.framework/Versions/A/Libraries/libGLU.dylib
0x00007fff6c9fc000 	/System/Library/Frameworks/OpenGL.framework/Versions/A/Libraries/libGFXShared.dylib
0x00007fff6cc0b000 	/System/Library/Frameworks/OpenGL.framework/Versions/A/Libraries/libGL.dylib
0x00007fff6ca05000 	/System/Library/Frameworks/OpenGL.framework/Versions/A/Libraries/libGLImage.dylib
0x00007fff6c9f9000 	/System/Library/Frameworks/OpenGL.framework/Versions/A/Libraries/libCVMSPluginSupport.dylib
0x00007fff6c9e4000 	/System/Library/Frameworks/OpenGL.framework/Versions/A/Libraries/libCoreVMClient.dylib
0x00007fff6e04c000 	/System/Library/Frameworks/OpenCL.framework/Versions/A/OpenCL
0x00007fff2b342000 	/System/Library/PrivateFrameworks/GraphVisualizer.framework/Versions/A/GraphVisualizer
0x00007fff2b351000 	/System/Library/PrivateFrameworks/FaceCore.framework/Versions/A/FaceCore
0x00007fff2b76d000 	/System/Library/PrivateFrameworks/OTSVG.framework/Versions/A/OTSVG
0x00007fff26fec000 	/System/Library/Frameworks/ApplicationServices.framework/Versions/A/Frameworks/ATS.framework/Versions/A/Resources/libFontRegistry.dylib
0x00007fff2b7bf000 	/System/Library/PrivateFrameworks/FontServices.framework/libhvf.dylib
0x00007fff2b17f000 	/System/Library/PrivateFrameworks/AppleVA.framework/Versions/A/AppleVA
0x00007fff2ced4000 	/System/Library/Frameworks/ApplicationServices.framework/Versions/A/Frameworks/ATS.framework/Versions/A/ATS
0x00007fff2d1e6000 	/System/Library/Frameworks/ApplicationServices.framework/Versions/A/Frameworks/ColorSyncLegacy.framework/Versions/A/ColorSyncLegacy
0x00007fff257f8000 	/System/Library/Frameworks/ApplicationServices.framework/Versions/A/Frameworks/HIServices.framework/Versions/A/HIServices
0x00007fff2d1cb000 	/System/Library/Frameworks/ApplicationServices.framework/Versions/A/Frameworks/LangAnalysis.framework/Versions/A/LangAnalysis
0x00007fff2be9f000 	/System/Library/Frameworks/ApplicationServices.framework/Versions/A/Frameworks/PrintCore.framework/Versions/A/PrintCore
0x00007fff2d1ee000 	/System/Library/Frameworks/ApplicationServices.framework/Versions/A/Frameworks/QD.framework/Versions/A/QD
0x00007fff2cec4000 	/System/Library/Frameworks/ApplicationServices.framework/Versions/A/Frameworks/SpeechSynthesis.framework/Versions/A/SpeechSynthesis
0x00007fff2be60000 	/System/Library/Frameworks/ApplicationServices.framework/Versions/A/Frameworks/ATSUI.framework/Versions/A/ATSUI
0x00007fff2d16b000 	/usr/lib/libcups.2.dylib
0x00007fff2d1db000 	/System/Library/PrivateFrameworks/NetAuth.framework/Versions/A/NetAuth
0x00007fff2d885000 	/System/Library/Frameworks/Kerberos.framework/Versions/A/Kerberos
0x00007fff2d895000 	/System/Library/Frameworks/GSS.framework/Versions/A/GSS
0x00007fff2cf40000 	/usr/lib/libresolv.9.dylib
0x00007fff2b7d4000 	/System/Library/PrivateFrameworks/Heimdal.framework/Versions/A/Heimdal
0x00007fff33619000 	/System/Library/Frameworks/Kerberos.framework/Versions/A/Libraries/libHeimdalProxy.dylib
0x00007fff263de000 	/System/Library/Frameworks/Network.framework/Versions/A/Network
0x00007fff2b1ed000 	/usr/lib/libheimdal-asn1.dylib
0x00007fff2d8e5000 	/System/Library/PrivateFrameworks/CommonAuth.framework/Versions/A/CommonAuth
0x00007fff27442000 	/System/Library/PrivateFrameworks/login.framework/Versions/A/Frameworks/loginsupport.framework/Versions/A/loginsupport
0x00007fff2ce49000 	/System/Library/PrivateFrameworks/AudioSession.framework/Versions/A/AudioSession
0x00007fff2ceb1000 	/usr/lib/libAudioStatistics.dylib
0x00007fff2b27a000 	/System/Library/PrivateFrameworks/MediaExperience.framework/Versions/A/MediaExperience
0x00007fff2cce6000 	/System/Library/PrivateFrameworks/AudioSession.framework/libSessionUtility.dylib
0x00007fff2d876000 	/usr/lib/libperfcheck.dylib
0x00007fff2d1fa000 	/System/Library/PrivateFrameworks/AudioResourceArbitration.framework/Versions/A/AudioResourceArbitration
0x00007fff2b1f7000 	/System/Library/PrivateFrameworks/IconFoundation.framework/Versions/A/IconFoundation
0x00007fff2fd23000 	/System/Library/PrivateFrameworks/SpeechRecognitionCore.framework/Versions/A/SpeechRecognitionCore
0x000000010d355000 	/System/Library/CoreServices/Encodings/libCyrillicConverter.dylib
0x000000010d361000 	/Library/Java/JavaVirtualMachines/jdk-15.0.1.jdk/Contents/Home/lib/server/libjvm.dylib
0x000000010e31d000 	/Library/Java/JavaVirtualMachines/jdk-15.0.1.jdk/Contents/Home/lib/libjimage.dylib
0x000000010e32b000 	/Library/Java/JavaVirtualMachines/jdk-15.0.1.jdk/Contents/Home/lib/libinstrument.dylib
0x000000010e33b000 	/Library/Java/JavaVirtualMachines/jdk-15.0.1.jdk/Contents/Home/lib/libjava.dylib
0x000000010fe26000 	/Library/Java/JavaVirtualMachines/jdk-15.0.1.jdk/Contents/Home/lib/libzip.dylib
0x000000010fe34000 	/Library/Java/JavaVirtualMachines/jdk-15.0.1.jdk/Contents/Home/lib/libnio.dylib
0x000000010fe48000 	/Library/Java/JavaVirtualMachines/jdk-15.0.1.jdk/Contents/Home/lib/libnet.dylib
0x000000010fe61000 	/Library/Java/JavaVirtualMachines/jdk-15.0.1.jdk/Contents/Home/lib/libextnet.dylib
0x0000000110091000 	/Users/azatakhunov/temp/exam/libbulletjme.dylib
0x000000010fe68000 	/Users/azatakhunov/temp/exam/libopenal.dylib
0x00007fff336cc000 	/System/Library/Frameworks/AudioUnit.framework/Versions/A/AudioUnit
0x000000010fec4000 	/Library/Java/JavaVirtualMachines/jdk-15.0.1.jdk/Contents/Home/lib/libverify.dylib
0x00000001102da000 	/Library/Java/JavaVirtualMachines/jdk-15.0.1.jdk/Contents/Home/lib/libawt.dylib
0x000000010fed5000 	/Library/Java/JavaVirtualMachines/jdk-15.0.1.jdk/Contents/Home/lib/libmlib_image.dylib
0x00007fff6f879000 	/System/Library/Frameworks/JavaNativeFoundation.framework/Versions/A/JavaNativeFoundation
0x00007fff6f885000 	/System/Library/Frameworks/JavaRuntimeSupport.framework/Versions/A/JavaRuntimeSupport
0x00007fff3d28c000 	/System/Library/Frameworks/Carbon.framework/Versions/A/Carbon
0x00007fff31ced000 	/System/Library/PrivateFrameworks/CoreSymbolication.framework/Versions/A/CoreSymbolication
0x00007fff36586000 	/System/Library/Frameworks/Carbon.framework/Versions/A/Frameworks/CommonPanels.framework/Versions/A/CommonPanels
0x00007fff330d3000 	/System/Library/Frameworks/Carbon.framework/Versions/A/Frameworks/Help.framework/Versions/A/Help
0x00007fff3658a000 	/System/Library/Frameworks/Carbon.framework/Versions/A/Frameworks/ImageCapture.framework/Versions/A/ImageCapture
0x00007fff36562000 	/System/Library/Frameworks/Carbon.framework/Versions/A/Frameworks/OpenScripting.framework/Versions/A/OpenScripting
0x00007fff36582000 	/System/Library/Frameworks/Carbon.framework/Versions/A/Frameworks/Ink.framework/Versions/A/Ink
0x00007fff3d288000 	/System/Library/Frameworks/Carbon.framework/Versions/A/Frameworks/Print.framework/Versions/A/Print
0x00007fff3657e000 	/System/Library/Frameworks/Carbon.framework/Versions/A/Frameworks/SecurityHI.framework/Versions/A/SecurityHI
0x00007fff31cb0000 	/System/Library/PrivateFrameworks/DebugSymbols.framework/Versions/A/DebugSymbols
0x0000000110391000 	/Library/Java/JavaVirtualMachines/jdk-15.0.1.jdk/Contents/Home/lib/libawt_lwawt.dylib
0x000000011044b000 	/Library/Java/JavaVirtualMachines/jdk-15.0.1.jdk/Contents/Home/lib/libosxapp.dylib
0x00007fff3c64c000 	/System/Library/Frameworks/ExceptionHandling.framework/Versions/A/ExceptionHandling
0x000000011046b000 	/Library/Java/JavaVirtualMachines/jdk-15.0.1.jdk/Contents/Home/lib/libfontmanager.dylib
0x0000000110597000 	/Library/Java/JavaVirtualMachines/jdk-15.0.1.jdk/Contents/Home/lib/libfreetype.dylib
0x00007fff22be6000 	/System/Library/PrivateFrameworks/CoreServicesInternal.framework/Versions/A/CoreServicesInternal
0x00007fff31209000 	/System/Library/Frameworks/FileProvider.framework/Versions/A/FileProvider
0x00007fff261f5000 	/System/Library/Frameworks/Accounts.framework/Versions/A/Accounts
0x00007fff3132a000 	/System/Library/PrivateFrameworks/GenerationalStorage.framework/Versions/A/GenerationalStorage
0x00007fff30c28000 	/System/Library/PrivateFrameworks/SymptomDiagnosticReporter.framework/Versions/A/SymptomDiagnosticReporter
0x00007fff2e52e000 	/System/Library/PrivateFrameworks/AppContainer.framework/Versions/A/AppContainer
0x00007fff23d32000 	/System/Library/PrivateFrameworks/DesktopServicesPriv.framework/Versions/A/DesktopServicesPriv
0x00007fff22d1b000 	/usr/lib/libsandbox.1.dylib
0x00007fff2746e000 	/System/Library/PrivateFrameworks/UserManagement.framework/Versions/A/UserManagement
0x00007fff29d6f000 	/System/Library/PrivateFrameworks/MobileKeyBag.framework/Versions/A/MobileKeyBag
0x00007fff34683000 	/System/Library/PrivateFrameworks/ChunkingLibrary.framework/Versions/A/ChunkingLibrary
0x00007fff2e543000 	/System/Library/PrivateFrameworks/SecCodeWrapper.framework/Versions/A/SecCodeWrapper
0x00007fff2afd0000 	/System/Library/PrivateFrameworks/CrashReporterSupport.framework/Versions/A/CrashReporterSupport
0x00007fff48407000 	/System/Library/PrivateFrameworks/OSAnalytics.framework/Versions/A/OSAnalytics
0x00007fff78211000 	/usr/lib/libRosetta.dylib
0x00007fff33064000 	/System/Library/PrivateFrameworks/RemoteServiceDiscovery.framework/Versions/A/RemoteServiceDiscovery
0x00007fff523de000 	/System/Library/PrivateFrameworks/Symbolication.framework/Versions/A/Symbolication
0x00007fff33074000 	/System/Library/PrivateFrameworks/RemoteXPC.framework/Versions/A/RemoteXPC
0x00007fff3957f000 	/System/Library/PrivateFrameworks/OSAServicesClient.framework/Versions/A/OSAServicesClient
0x00007fff3de5d000 	/System/Library/PrivateFrameworks/MallocStackLogging.framework/Versions/A/MallocStackLogging
0x00007fff2e2c5000 	/System/Library/PrivateFrameworks/Sharing.framework/Versions/A/Sharing
0x00007fff32c41000 	/System/Library/PrivateFrameworks/Apple80211.framework/Versions/A/Apple80211
0x00007fff2a3f4000 	/System/Library/PrivateFrameworks/AuthKit.framework/Versions/A/AuthKit
0x00007fff29b6f000 	/System/Library/PrivateFrameworks/CoreUtils.framework/Versions/A/CoreUtils
0x00007fff29a9c000 	/System/Library/Frameworks/CoreWLAN.framework/Versions/A/CoreWLAN
0x00007fff2e40d000 	/System/Library/Frameworks/IOBluetooth.framework/Versions/A/IOBluetooth
0x00007fff32ca5000 	/System/Library/PrivateFrameworks/CoreWiFi.framework/Versions/A/CoreWiFi
0x00007fff2d96d000 	/System/Library/PrivateFrameworks/CorePhoneNumbers.framework/Versions/A/CorePhoneNumbers
0x00007fff30d30000 	/System/Library/PrivateFrameworks/DiskManagement.framework/Versions/A/DiskManagement
0x00007fff30c46000 	/System/Library/PrivateFrameworks/AppleIDAuthSupport.framework/Versions/A/AppleIDAuthSupport
0x00007fff2d94a000 	/System/Library/PrivateFrameworks/KeychainCircle.framework/Versions/A/KeychainCircle
0x00007fff30cfc000 	/System/Library/PrivateFrameworks/MediaKit.framework/Versions/A/MediaKit
0x00007fff30c53000 	/System/Library/Frameworks/DiscRecording.framework/Versions/A/DiscRecording
0x00007fff2b0f3000 	/usr/lib/libCoreStorage.dylib
0x00007fff330df000 	/usr/lib/libcsfde.dylib
0x00007fff2e547000 	/System/Library/PrivateFrameworks/ProtectedCloudStorage.framework/Versions/A/ProtectedCloudStorage
0x00007fff330d7000 	/System/Library/PrivateFrameworks/EFILogin.framework/Versions/A/EFILogin
0x00007fff30bc5000 	/System/Library/Frameworks/CoreBluetooth.framework/Versions/A/CoreBluetooth
0x00007fff2b0eb000 	/usr/lib/libMatch.1.dylib
0x00007fff44098000 	/System/Library/CoreServices/RawCamera.bundle/Contents/MacOS/RawCamera
0x00007fff2d8f6000 	/System/Library/PrivateFrameworks/MobileAsset.framework/Versions/A/MobileAsset
0x00007fff336f1000 	/System/Library/PrivateFrameworks/StreamingZip.framework/Versions/A/StreamingZip
0x00007fff2c098000 	/System/Library/Frameworks/MediaToolbox.framework/Versions/A/MediaToolbox
0x00007fff311db000 	/System/Library/PrivateFrameworks/CoreAVCHD.framework/Versions/A/CoreAVCHD
0x00007fff3038f000 	/System/Library/Frameworks/MediaAccessibility.framework/Versions/A/MediaAccessibility
0x00007fff311d7000 	/System/Library/PrivateFrameworks/Mangrove.framework/Versions/A/Mangrove
0x00007fff3039b000 	/System/Library/PrivateFrameworks/AlgosScoreFramework.framework/Versions/A/AlgosScoreFramework
0x00007fff31ba0000 	/System/Library/PrivateFrameworks/AppleVPA.framework/Versions/A/AppleVPA
0x00007fff30e1c000 	/System/Library/PrivateFrameworks/CoreAUC.framework/Versions/A/CoreAUC
0x00007fff41a8a000 	/System/Library/Frameworks/Accelerate.framework/Versions/A/Frameworks/vImage.framework/Versions/A/Libraries/libCGInterfaces.dylib
0x00000001107a5000 	/usr/lib/libobjc-trampolines.dylib
0x00007fff27170000 	/System/Library/PrivateFrameworks/ViewBridge.framework/Versions/A/ViewBridge
0x00007fff2b895000 	/System/Library/PrivateFrameworks/login.framework/Versions/A/login
0x000000013e5a6000 	/Users/azatakhunov/temp/exam/liblwjgl.dylib
0x000000013df1e000 	/Library/Java/JavaVirtualMachines/jdk-15.0.1.jdk/Contents/Home/lib/libjawt.dylib
0x00007fff6cc16000 	/System/Library/Frameworks/OpenGL.framework/Versions/A/Resources/GLEngine.bundle/GLEngine
0x00007fff6ca76000 	/System/Library/Frameworks/OpenGL.framework/Versions/A/Libraries/libGLProgrammability.dylib
0x00007fff5fda6000 	/System/Library/Extensions/AppleIntelKBLGraphicsGLDriver.bundle/Contents/MacOS/AppleIntelKBLGraphicsGLDriver
0x00007fff46d99000 	/System/Library/PrivateFrameworks/GPUSupport.framework/Versions/A/Libraries/libGPUSupportMercury.dylib
0x000000013e628000 	/System/Library/Extensions/AMDRadeonX4000GLDriver.bundle/Contents/MacOS/AMDRadeonX4000GLDriver
0x00007fff6ef27000 	/System/Library/Extensions/AMDRadeonX4000GLDriver.bundle/Contents/MacOS/ATIRadeonX4000SCLib.dylib
0x00007fff5f04a000 	/System/Library/Extensions/AMDShared.bundle/Contents/PlugIns/libSC.dylib
0x00007fff6cd92000 	/System/Library/Frameworks/OpenGL.framework/Versions/A/Resources/GLRendererFloat.bundle/GLRendererFloat
0x00007fff6f936000 	/System/Library/Frameworks/OpenAL.framework/Versions/A/OpenAL
0x000000013ef3a000 	/System/Library/Extensions/AppleGFXHDA.kext/Contents/PlugIns/AppleGFXHDAHALPlugIn.bundle/Contents/MacOS/AppleGFXHDAHALPlugIn
0x000000013ef4e000 	/System/Library/Components/CoreAudio.component/Contents/MacOS/CoreAudio
0x000000013f0ea000 	/System/Library/Components/AudioDSP.component/Contents/MacOS/AudioDSP
0x00007fff337e5000 	/System/Library/PrivateFrameworks/Espresso.framework/Versions/A/Espresso
0x00007fff34f9f000 	/System/Library/PrivateFrameworks/AppleNeuralEngine.framework/Versions/A/AppleNeuralEngine
0x00007fff33ff3000 	/System/Library/PrivateFrameworks/ANEServices.framework/Versions/A/ANEServices
0x000000013fcfc000 	/Library/Java/JavaVirtualMachines/jdk-15.0.1.jdk/Contents/Home/lib/libjavajpeg.dylib


VM Arguments:
jvm_args: -javaagent:/Applications/IntelliJ IDEA.app/Contents/lib/idea_rt.jar=65078:/Applications/IntelliJ IDEA.app/Contents/bin -Dfile.encoding=UTF-8 
java_command: graphics.jmeplanet.PlanetPhysicsTest
java_class_path (initial): /Users/azatakhunov/temp/exam/target/classes:/Users/azatakhunov/temp/exam/distr/sys/core.jar:/Users/azatakhunov/temp/exam/distr/sys/gson.jar:/Users/azatakhunov/temp/exam/distr/sys/joal.jar:/Users/azatakhunov/temp/exam/distr/sys/jocl.jar:/Users/azatakhunov/temp/exam/distr/sys/xpp3.jar:/Users/azatakhunov/temp/exam/distr/sys/nifty.jar:/Users/azatakhunov/temp/exam/distr/sys/jinput.jar:/Users/azatakhunov/temp/exam/distr/sys/jsr305.jar:/Users/azatakhunov/temp/exam/distr/sys/jutils.jar:/Users/azatakhunov/temp/exam/distr/sys/simple.jar:/Users/azatakhunov/temp/exam/distr/sys/dense64.jar:/Users/azatakhunov/temp/exam/distr/sys/denseC64.jar:/Users/azatakhunov/temp/exam/distr/sys/jogl-all.jar:/Users/azatakhunov/temp/exam/distr/sys/j-ogg-all.jar:/Users/azatakhunov/temp/exam/distr/sys/joal-main.jar:/Users/azatakhunov/temp/exam/distr/sys/jocl-main.jar:/Users/azatakhunov/temp/exam/distr/sys/gluegen-rt.jar:/Users/azatakhunov/temp/exam/distr/sys/jogl-all-main.jar:/Users/azatakhunov/temp/exam/distr/sys/nifty-examples.jar:/Users/azatakhunov/temp/exam/distr/sys/gluegen-rt-main.jar:/Users/azatakhunov/temp/exam/distr/sys/nifty-style-black.jar:/Users/azatakhunov/temp/exam/distr/sys/nifty-default-controls.jar:/Users/azatakhunov/temp/exam/distr/sys/joal-natives-linux-i586.jar:/Users/azatakhunov/temp/exam/distr/sys/jocl-natives-linux-i586.jar:/Users/azatakhunov/temp/exam/distr/sys/joal-natives-linux-amd64.jar:/Users/azatakhunov/temp/exam/distr/sys/joal-natives-linux-armv6.jar:/Users/azatakhunov/temp/exam/distr/sys/jocl-natives-linux-amd64.jar:/Users/azatakhunov/temp/exam/distr/sys/jocl-natives-linux-armv6.jar:/Users/azatakhunov/temp/exam/distr/sys/joal-natives-solaris-i586.jar:/Users/azatakhunov/temp/exam/distr/sys/joal-natives-windows-i586.jar:/Users/azatakhunov/temp/exam/distr/sys/jocl-natives-solaris-i586.jar:/Users/azatakhunov/temp/exam/distr/sys/jocl-natives-windows-i586.jar:/Users/azatakhunov/temp/exam/distr/sys/joal-natives-android-armv6.jar:/Users/azatakhuno
Launcher Type: SUN_STANDARD

[Global flags]
     intx CICompilerCount                          = 4                                         {product} {ergonomic}
     uint ConcGCThreads                            = 3                                         {product} {ergonomic}
     uint G1ConcRefinementThreads                  = 10                                        {product} {ergonomic}
   size_t G1HeapRegionSize                         = 2097152                                   {product} {ergonomic}
    uintx GCDrainStackTargetSize                   = 64                                        {product} {ergonomic}
   size_t InitialHeapSize                          = 268435456                                 {product} {ergonomic}
   size_t MarkStackSize                            = 4194304                                   {product} {ergonomic}
   size_t MaxHeapSize                              = 4294967296                                {product} {ergonomic}
   size_t MaxNewSize                               = 2575302656                                {product} {ergonomic}
   size_t MinHeapDeltaBytes                        = 2097152                                   {product} {ergonomic}
   size_t MinHeapSize                              = 8388608                                   {product} {ergonomic}
    uintx NonNMethodCodeHeapSize                   = 5839372                                {pd product} {ergonomic}
    uintx NonProfiledCodeHeapSize                  = 122909434                              {pd product} {ergonomic}
    uintx ProfiledCodeHeapSize                     = 122909434                              {pd product} {ergonomic}
    uintx ReservedCodeCacheSize                    = 251658240                              {pd product} {ergonomic}
     bool SegmentedCodeCache                       = true                                      {product} {ergonomic}
   size_t SoftMaxHeapSize                          = 4294967296                             {manageable} {ergonomic}
     bool UseCompressedClassPointers               = true                                 {lp64_product} {ergonomic}
     bool UseCompressedOops                        = true                                 {lp64_product} {ergonomic}
     bool UseG1GC                                  = true                                      {product} {ergonomic}
     bool UseNUMA                                  = false                                     {product} {ergonomic}
     bool UseNUMAInterleaving                      = false                                     {product} {ergonomic}

Logging:
Log output configuration:
 #0: stdout all=warning uptime,level,tags
 #1: stderr all=off uptime,level,tags

Environment Variables:
PATH=/Library/Frameworks/Python.framework/Versions/3.9/bin:/usr/local/bin:/usr/bin:/bin:/usr/sbin:/sbin:/Users/azatakhunov/homework/botmasterzzz:/Users/azatakhunov/homework/botmasterzzz/botmasterzzz-tiktokapi:/Users/azatakhunov/homework/botmasterzzz/botmasterzzz-tiktokapi/TikTokApi:/usr/local/share/dotnet:/opt/X11/bin:~/.dotnet/tools:/Library/Frameworks/Mono.framework/Versions/Current/Commands
SHELL=/bin/zsh
DISPLAY=/private/tmp/com.apple.launchd.ISmCwRIQdd/org.macosforge.xquartz:0
LC_CTYPE=ru_RU.UTF-8

Signal Handlers:
SIGSEGV: [libjvm.dylib+0x9fe2e0], sa_mask[0]=11111111011111110111111111111111, sa_flags=SA_ONSTACK|SA_RESTART|SA_SIGINFO
SIGBUS: [libjvm.dylib+0x9fe2e0], sa_mask[0]=11111111011111110111111111111111, sa_flags=SA_RESTART|SA_SIGINFO
SIGFPE: [libjvm.dylib+0x9fe2e0], sa_mask[0]=11111111011111110111111111111111, sa_flags=SA_RESTART|SA_SIGINFO
SIGPIPE: [libjvm.dylib+0x82a110], sa_mask[0]=11111111011111110111111111111111, sa_flags=SA_RESTART|SA_SIGINFO
SIGXFSZ: [libjvm.dylib+0x82a110], sa_mask[0]=11111111011111110111111111111111, sa_flags=SA_RESTART|SA_SIGINFO
SIGILL: [libjvm.dylib+0x9fe2e0], sa_mask[0]=11111111011111110111111111111111, sa_flags=SA_RESTART|SA_SIGINFO
SIGUSR2: [libjvm.dylib+0x82ac20], sa_mask[0]=00100000000000000000000000000000, sa_flags=SA_RESTART|SA_SIGINFO
SIGHUP: [libjvm.dylib+0x829320], sa_mask[0]=11111111011111110111111111111111, sa_flags=SA_RESTART|SA_SIGINFO
SIGINT: [libjvm.dylib+0x829320], sa_mask[0]=11111111011111110111111111111111, sa_flags=SA_RESTART|SA_SIGINFO
SIGTERM: [libjvm.dylib+0x829320], sa_mask[0]=11111111011111110111111111111111, sa_flags=SA_RESTART|SA_SIGINFO
SIGQUIT: [libjvm.dylib+0x829320], sa_mask[0]=11111111011111110111111111111111, sa_flags=SA_RESTART|SA_SIGINFO


---------------  S Y S T E M  ---------------

OS:uname: Darwin 20.3.0 Darwin Kernel Version 20.3.0: Thu Jan 21 00:07:06 PST 2021; root:xnu-7195.81.3~1/RELEASE_X86_64 x86_64
OS uptime: 9 days 22:57 hours
rlimit (soft/hard): STACK 8192k/65532k , CORE 0k/infinity , NPROC 2784/4176 , NOFILE 10240/infinity , AS infinity/infinity , CPU infinity/infinity , DATA infinity/infinity , FSIZE infinity/infinity , MEMLOCK infinity/infinity , RSS infinity/infinity
load average: 1.62 2.21 2.70

CPU: total 12 (initial active 12) (6 cores per cpu, 2 threads per core) family 6 model 158 stepping 10 microcode 0xde, cmov, cx8, fxsr, mmx, sse, sse2, sse3, ssse3, sse4.1, sse4.2, popcnt, vzeroupper, avx, avx2, aes, clmul, erms, 3dnowpref, lzcnt, ht, tsc, tscinvbit, bmi1, bmi2, adx, fma, clflush, clflushopt

Memory: 4k page, physical 16777216k(303324k free), swap 3145728k(766720k free)

vm_info: Java HotSpot(TM) 64-Bit Server VM (15.0.1+9-18) for bsd-amd64 JRE (15.0.1+9-18), built on Sep 15 2020 13:50:45 by "mach5one" with clang 4.2.1 Compatible Apple LLVM 10.0.0 (clang-1000.11.45.5)

END.
